[ 2017-06-12T09:17:30+08:00 ] 127.0.0.1 /admin.php
INFO: [ app_init ] --START--
INFO: Run Behavior\BuildLiteBehavior [ RunTime:0.001000s ]
INFO: [ app_init ] --END-- [ RunTime:0.004000s ]
INFO: [ app_begin ] --START--
INFO: Run Behavior\ReadHtmlCacheBehavior [ RunTime:0.004000s ]
INFO: [ app_begin ] --END-- [ RunTime:0.006000s ]

[ 2017-06-12T09:17:30+08:00 ] 127.0.0.1 /admin.php/Public/login.html
INFO: [ app_init ] --START--
INFO: Run Behavior\BuildLiteBehavior [ RunTime:0.000000s ]
INFO: [ app_init ] --END-- [ RunTime:0.003000s ]
INFO: [ app_begin ] --START--
INFO: Run Behavior\ReadHtmlCacheBehavior [ RunTime:0.001000s ]
INFO: [ app_begin ] --END-- [ RunTime:0.002000s ]
INFO: [ view_parse ] --START--
INFO: [ template_filter ] --START--
INFO: Run Behavior\ContentReplaceBehavior [ RunTime:0.003001s ]
INFO: [ template_filter ] --END-- [ RunTime:0.003001s ]
INFO: Run Behavior\ParseTemplateBehavior [ RunTime:0.034002s ]
INFO: [ view_parse ] --END-- [ RunTime:0.035002s ]
INFO: [ view_filter ] --START--
INFO: Run Behavior\WriteHtmlCacheBehavior [ RunTime:0.002000s ]
INFO: [ view_filter ] --END-- [ RunTime:0.002000s ]
INFO: [ app_end ] --START--
INFO: Run Behavior\ShowPageTraceBehavior [ RunTime:0.002000s ]
INFO: [ app_end ] --END-- [ RunTime:0.002000s ]

[ 2017-06-12T09:17:30+08:00 ] 127.0.0.1 /admin.php/Public/verify.html
INFO: [ app_init ] --START--
INFO: Run Behavior\BuildLiteBehavior [ RunTime:0.000000s ]
INFO: [ app_init ] --END-- [ RunTime:0.001000s ]
INFO: [ app_begin ] --START--
INFO: Run Behavior\ReadHtmlCacheBehavior [ RunTime:0.001000s ]
INFO: [ app_begin ] --END-- [ RunTime:0.001000s ]
INFO: [ app_end ] --START--
INFO: Run Behavior\ShowPageTraceBehavior [ RunTime:0.001000s ]
INFO: [ app_end ] --END-- [ RunTime:0.002000s ]

[ 2017-06-12T09:17:46+08:00 ] 127.0.0.1 /admin.php/Public/login.html
INFO: [ app_init ] --START--
INFO: Run Behavior\BuildLiteBehavior [ RunTime:0.000000s ]
INFO: [ app_init ] --END-- [ RunTime:0.002000s ]
INFO: [ app_begin ] --START--
INFO: Run Behavior\ReadHtmlCacheBehavior [ RunTime:0.001000s ]
INFO: [ app_begin ] --END-- [ RunTime:0.002000s ]

[ 2017-06-12T09:17:46+08:00 ] 127.0.0.1 /admin.php/Public/verify.html?0.7178782376061801
INFO: [ app_init ] --START--
INFO: Run Behavior\BuildLiteBehavior [ RunTime:0.001000s ]
INFO: [ app_init ] --END-- [ RunTime:0.001000s ]
INFO: [ app_begin ] --START--
INFO: Run Behavior\ReadHtmlCacheBehavior [ RunTime:0.000000s ]
INFO: [ app_begin ] --END-- [ RunTime:0.002000s ]
INFO: [ app_end ] --START--
INFO: Run Behavior\ShowPageTraceBehavior [ RunTime:0.001000s ]
INFO: [ app_end ] --END-- [ RunTime:0.001000s ]

[ 2017-06-12T09:17:51+08:00 ] 127.0.0.1 /admin.php/Public/login.html
INFO: [ app_init ] --START--
INFO: Run Behavior\BuildLiteBehavior [ RunTime:0.000000s ]
INFO: [ app_init ] --END-- [ RunTime:0.003000s ]
INFO: [ app_begin ] --START--
INFO: Run Behavior\ReadHtmlCacheBehavior [ RunTime:0.002000s ]
INFO: [ app_begin ] --END-- [ RunTime:0.003000s ]

[ 2017-06-12T09:17:51+08:00 ] 127.0.0.1 /admin.php/Public/verify.html?0.7178782376061801&random=0.03954362319747262
INFO: [ app_init ] --START--
INFO: Run Behavior\BuildLiteBehavior [ RunTime:0.000000s ]
INFO: [ app_init ] --END-- [ RunTime:0.002000s ]
INFO: [ app_begin ] --START--
INFO: Run Behavior\ReadHtmlCacheBehavior [ RunTime:0.001000s ]
INFO: [ app_begin ] --END-- [ RunTime:0.002000s ]
INFO: [ app_end ] --START--
INFO: Run Behavior\ShowPageTraceBehavior [ RunTime:0.000000s ]
INFO: [ app_end ] --END-- [ RunTime:0.001000s ]

[ 2017-06-12T09:18:01+08:00 ] 127.0.0.1 /admin.php/Public/login.html
INFO: [ app_init ] --START--
INFO: Run Behavior\BuildLiteBehavior [ RunTime:0.000000s ]
INFO: [ app_init ] --END-- [ RunTime:0.001000s ]
INFO: [ app_begin ] --START--
INFO: Run Behavior\ReadHtmlCacheBehavior [ RunTime:0.001000s ]
INFO: [ app_begin ] --END-- [ RunTime:0.001000s ]

[ 2017-06-12T09:18:01+08:00 ] 127.0.0.1 /admin.php/Index/index.html
INFO: [ app_init ] --START--
INFO: Run Behavior\BuildLiteBehavior [ RunTime:0.000000s ]
INFO: [ app_init ] --END-- [ RunTime:0.002000s ]
INFO: [ app_begin ] --START--
INFO: Run Behavior\ReadHtmlCacheBehavior [ RunTime:0.001000s ]
INFO: [ app_begin ] --END-- [ RunTime:0.002000s ]
INFO: [ view_parse ] --START--
INFO: [ template_filter ] --START--
INFO: Run Behavior\ContentReplaceBehavior [ RunTime:0.000000s ]
INFO: [ template_filter ] --END-- [ RunTime:0.000000s ]
INFO: Run Behavior\ParseTemplateBehavior [ RunTime:0.017001s ]
INFO: [ view_parse ] --END-- [ RunTime:0.017001s ]
INFO: [ view_filter ] --START--
INFO: Run Behavior\WriteHtmlCacheBehavior [ RunTime:0.001000s ]
INFO: [ view_filter ] --END-- [ RunTime:0.001000s ]
INFO: [ app_end ] --START--
INFO: Run Behavior\ShowPageTraceBehavior [ RunTime:0.000000s ]
INFO: [ app_end ] --END-- [ RunTime:0.001000s ]

[ 2017-06-12T09:18:01+08:00 ] 127.0.0.1 /admin.php/Index/main.html
INFO: [ app_init ] --START--
INFO: Run Behavior\BuildLiteBehavior [ RunTime:0.000000s ]
INFO: [ app_init ] --END-- [ RunTime:0.001000s ]
INFO: [ app_begin ] --START--
INFO: Run Behavior\ReadHtmlCacheBehavior [ RunTime:0.001000s ]
INFO: [ app_begin ] --END-- [ RunTime:0.001000s ]
INFO: [ view_parse ] --START--
INFO: [ template_filter ] --START--
INFO: Run Behavior\ContentReplaceBehavior [ RunTime:0.000000s ]
INFO: [ template_filter ] --END-- [ RunTime:0.001001s ]
SQL: select version() as v; [ RunTime:0.0180s ]
INFO: Run Behavior\ParseTemplateBehavior [ RunTime:0.082004s ]
INFO: [ view_parse ] --END-- [ RunTime:0.083004s ]
INFO: [ view_filter ] --START--
INFO: Run Behavior\WriteHtmlCacheBehavior [ RunTime:0.001000s ]
INFO: [ view_filter ] --END-- [ RunTime:0.001000s ]
INFO: [ app_end ] --START--
INFO: Run Behavior\ShowPageTraceBehavior [ RunTime:0.000000s ]
INFO: [ app_end ] --END-- [ RunTime:0.001000s ]

[ 2017-06-12T09:18:12+08:00 ] 127.0.0.1 /admin.php/User/index.html
INFO: [ app_init ] --START--
INFO: Run Behavior\BuildLiteBehavior [ RunTime:0.000000s ]
INFO: [ app_init ] --END-- [ RunTime:0.002000s ]
INFO: [ app_begin ] --START--
INFO: Run Behavior\ReadHtmlCacheBehavior [ RunTime:0.000000s ]
INFO: [ app_begin ] --END-- [ RunTime:0.002000s ]
SQL: SHOW COLUMNS FROM `xm_user` [ RunTime:0.0390s ]
SQL: SHOW COLUMNS FROM `xm_user` [ RunTime:0.0090s ]
SQL: SELECT COUNT(*) AS tp_count FROM `xm_user` WHERE `status` = 0 LIMIT 1   [ RunTime:0.0150s ]
SQL: SELECT `uid`,`username`,`password`,`email`,`mobile`,`login`,`reg_time`,`reg_ip`,`last_login_ip`,`last_login_time`,`update_time`,`status` FROM `xm_user` WHERE `status` = 0 ORDER BY uid desc LIMIT 0,10   [ RunTime:0.0010s ]
INFO: [ view_parse ] --START--
INFO: [ template_filter ] --START--
INFO: Run Behavior\ContentReplaceBehavior [ RunTime:0.001000s ]
INFO: [ template_filter ] --END-- [ RunTime:0.001000s ]
NOTIC: [8] Undefined variable: vo D:\wamp\www\toumei\Application\Runtime\Cache\Admin\348efd2a0dd83b3e88e89458f20a0b1c.php 第 41 行.
NOTIC: [8] Undefined variable: vo D:\wamp\www\toumei\Application\Runtime\Cache\Admin\348efd2a0dd83b3e88e89458f20a0b1c.php 第 41 行.
NOTIC: [8] Undefined variable: vo D:\wamp\www\toumei\Application\Runtime\Cache\Admin\348efd2a0dd83b3e88e89458f20a0b1c.php 第 41 行.
NOTIC: [8] Undefined variable: vo D:\wamp\www\toumei\Application\Runtime\Cache\Admin\348efd2a0dd83b3e88e89458f20a0b1c.php 第 41 行.
NOTIC: [8] Undefined variable: vo D:\wamp\www\toumei\Application\Runtime\Cache\Admin\348efd2a0dd83b3e88e89458f20a0b1c.php 第 41 行.
NOTIC: [8] Undefined variable: vo D:\wamp\www\toumei\Application\Runtime\Cache\Admin\348efd2a0dd83b3e88e89458f20a0b1c.php 第 41 行.
INFO: Run Behavior\ParseTemplateBehavior [ RunTime:0.056003s ]
INFO: [ view_parse ] --END-- [ RunTime:0.057003s ]
INFO: [ view_filter ] --START--
INFO: Run Behavior\WriteHtmlCacheBehavior [ RunTime:0.000000s ]
INFO: [ view_filter ] --END-- [ RunTime:0.001000s ]
INFO: [ app_end ] --START--
INFO: Run Behavior\ShowPageTraceBehavior [ RunTime:0.001000s ]
INFO: [ app_end ] --END-- [ RunTime:0.001000s ]

[ 2017-06-12T09:18:16+08:00 ] 127.0.0.1 /admin.php/User/index.html
INFO: [ app_init ] --START--
INFO: Run Behavior\BuildLiteBehavior [ RunTime:0.000000s ]
INFO: [ app_init ] --END-- [ RunTime:0.002001s ]
INFO: [ app_begin ] --START--
INFO: Run Behavior\ReadHtmlCacheBehavior [ RunTime:0.002000s ]
INFO: [ app_begin ] --END-- [ RunTime:0.002000s ]
SQL: SHOW COLUMNS FROM `xm_user` [ RunTime:0.0020s ]
SQL: SHOW COLUMNS FROM `xm_user` [ RunTime:0.0020s ]
SQL: SELECT COUNT(*) AS tp_count FROM `xm_user` WHERE `status` = 0 LIMIT 1   [ RunTime:0.0000s ]
SQL: SELECT `uid`,`username`,`password`,`email`,`mobile`,`login`,`reg_time`,`reg_ip`,`last_login_ip`,`last_login_time`,`update_time`,`status` FROM `xm_user` WHERE `status` = 0 ORDER BY uid desc LIMIT 0,10   [ RunTime:0.0000s ]
INFO: [ view_parse ] --START--
INFO: [ template_filter ] --START--
INFO: Run Behavior\ContentReplaceBehavior [ RunTime:0.001001s ]
INFO: [ template_filter ] --END-- [ RunTime:0.001001s ]
NOTIC: [8] Undefined variable: vo D:\wamp\www\toumei\Application\Runtime\Cache\Admin\348efd2a0dd83b3e88e89458f20a0b1c.php 第 41 行.
NOTIC: [8] Undefined variable: vo D:\wamp\www\toumei\Application\Runtime\Cache\Admin\348efd2a0dd83b3e88e89458f20a0b1c.php 第 41 行.
NOTIC: [8] Undefined variable: vo D:\wamp\www\toumei\Application\Runtime\Cache\Admin\348efd2a0dd83b3e88e89458f20a0b1c.php 第 41 行.
NOTIC: [8] Undefined variable: vo D:\wamp\www\toumei\Application\Runtime\Cache\Admin\348efd2a0dd83b3e88e89458f20a0b1c.php 第 41 行.
NOTIC: [8] Undefined variable: vo D:\wamp\www\toumei\Application\Runtime\Cache\Admin\348efd2a0dd83b3e88e89458f20a0b1c.php 第 41 行.
NOTIC: [8] Undefined variable: vo D:\wamp\www\toumei\Application\Runtime\Cache\Admin\348efd2a0dd83b3e88e89458f20a0b1c.php 第 41 行.
INFO: Run Behavior\ParseTemplateBehavior [ RunTime:0.031002s ]
INFO: [ view_parse ] --END-- [ RunTime:0.032002s ]
INFO: [ view_filter ] --START--
INFO: Run Behavior\WriteHtmlCacheBehavior [ RunTime:0.001000s ]
INFO: [ view_filter ] --END-- [ RunTime:0.001000s ]
INFO: [ app_end ] --START--
INFO: Run Behavior\ShowPageTraceBehavior [ RunTime:0.000000s ]
INFO: [ app_end ] --END-- [ RunTime:0.001000s ]

[ 2017-06-12T09:45:21+08:00 ] 127.0.0.1 /admin.php/User/add.html
INFO: [ app_init ] --START--
INFO: Run Behavior\BuildLiteBehavior [ RunTime:0.000000s ]
INFO: [ app_init ] --END-- [ RunTime:0.001000s ]
INFO: [ app_begin ] --START--
INFO: Run Behavior\ReadHtmlCacheBehavior [ RunTime:0.000000s ]
INFO: [ app_begin ] --END-- [ RunTime:0.001000s ]
SQL: SHOW COLUMNS FROM `xm_user` [ RunTime:0.0050s ]
INFO: [ view_parse ] --START--
INFO: [ template_filter ] --START--
INFO: Run Behavior\ContentReplaceBehavior [ RunTime:0.000000s ]
INFO: [ template_filter ] --END-- [ RunTime:0.000000s ]
NOTIC: [8] Undefined variable: _info D:\wamp\www\toumei\Application\Runtime\Cache\Admin\4e1f0ee1a12a8dbb63343fe9e6a3f60d.php 第 20 行.
NOTIC: [8] Undefined variable: role_list D:\wamp\www\toumei\Application\Runtime\Cache\Admin\4e1f0ee1a12a8dbb63343fe9e6a3f60d.php 第 35 行.
NOTIC: [8] Undefined variable: _info D:\wamp\www\toumei\Application\Runtime\Cache\Admin\4e1f0ee1a12a8dbb63343fe9e6a3f60d.php 第 41 行.
NOTIC: [8] Undefined variable: _info D:\wamp\www\toumei\Application\Runtime\Cache\Admin\4e1f0ee1a12a8dbb63343fe9e6a3f60d.php 第 45 行.
NOTIC: [8] Undefined variable: _info D:\wamp\www\toumei\Application\Runtime\Cache\Admin\4e1f0ee1a12a8dbb63343fe9e6a3f60d.php 第 48 行.
INFO: Run Behavior\ParseTemplateBehavior [ RunTime:0.021001s ]
INFO: [ view_parse ] --END-- [ RunTime:0.021001s ]
INFO: [ view_filter ] --START--
INFO: Run Behavior\WriteHtmlCacheBehavior [ RunTime:0.000000s ]
INFO: [ view_filter ] --END-- [ RunTime:0.001000s ]
INFO: [ app_end ] --START--
INFO: Run Behavior\ShowPageTraceBehavior [ RunTime:0.001000s ]
INFO: [ app_end ] --END-- [ RunTime:0.001000s ]

[ 2017-06-12T09:45:46+08:00 ] 127.0.0.1 /admin.php/User/add.html
INFO: [ app_init ] --START--
INFO: Run Behavior\BuildLiteBehavior [ RunTime:0.000000s ]
INFO: [ app_init ] --END-- [ RunTime:0.001000s ]
INFO: [ app_begin ] --START--
INFO: Run Behavior\ReadHtmlCacheBehavior [ RunTime:0.000000s ]
INFO: [ app_begin ] --END-- [ RunTime:0.001000s ]
SQL: SHOW COLUMNS FROM `xm_user` [ RunTime:0.0040s ]
NOTIC: [8] Undefined index: validate D:\wamp\www\toumei\ThinkPHP\Library\Think\Model.class.php 第 1185 行.

[ 2017-06-12T09:46:07+08:00 ] 127.0.0.1 /admin.php/User/index.html
INFO: [ app_init ] --START--
INFO: Run Behavior\BuildLiteBehavior [ RunTime:0.000000s ]
INFO: [ app_init ] --END-- [ RunTime:0.002000s ]
INFO: [ app_begin ] --START--
INFO: Run Behavior\ReadHtmlCacheBehavior [ RunTime:0.000000s ]
INFO: [ app_begin ] --END-- [ RunTime:0.002000s ]
SQL: SHOW COLUMNS FROM `xm_user` [ RunTime:0.0050s ]
SQL: SHOW COLUMNS FROM `xm_user` [ RunTime:0.0040s ]
SQL: SELECT COUNT(*) AS tp_count FROM `xm_user` WHERE `status` = 0 LIMIT 1   [ RunTime:0.0010s ]
SQL: SELECT `uid`,`username`,`password`,`email`,`mobile`,`login`,`reg_time`,`reg_ip`,`last_login_ip`,`last_login_time`,`update_time`,`status` FROM `xm_user` WHERE `status` = 0 ORDER BY uid desc LIMIT 0,10   [ RunTime:0.0000s ]
INFO: [ view_parse ] --START--
INFO: [ template_filter ] --START--
INFO: Run Behavior\ContentReplaceBehavior [ RunTime:0.000000s ]
INFO: [ template_filter ] --END-- [ RunTime:0.001001s ]
NOTIC: [8] Undefined variable: vo D:\wamp\www\toumei\Application\Runtime\Cache\Admin\348efd2a0dd83b3e88e89458f20a0b1c.php 第 41 行.
NOTIC: [8] Undefined variable: vo D:\wamp\www\toumei\Application\Runtime\Cache\Admin\348efd2a0dd83b3e88e89458f20a0b1c.php 第 41 行.
NOTIC: [8] Undefined variable: vo D:\wamp\www\toumei\Application\Runtime\Cache\Admin\348efd2a0dd83b3e88e89458f20a0b1c.php 第 41 行.
NOTIC: [8] Undefined variable: vo D:\wamp\www\toumei\Application\Runtime\Cache\Admin\348efd2a0dd83b3e88e89458f20a0b1c.php 第 41 行.
NOTIC: [8] Undefined variable: vo D:\wamp\www\toumei\Application\Runtime\Cache\Admin\348efd2a0dd83b3e88e89458f20a0b1c.php 第 41 行.
NOTIC: [8] Undefined variable: vo D:\wamp\www\toumei\Application\Runtime\Cache\Admin\348efd2a0dd83b3e88e89458f20a0b1c.php 第 41 行.
INFO: Run Behavior\ParseTemplateBehavior [ RunTime:0.034002s ]
INFO: [ view_parse ] --END-- [ RunTime:0.034002s ]
INFO: [ view_filter ] --START--
INFO: Run Behavior\WriteHtmlCacheBehavior [ RunTime:0.001000s ]
INFO: [ view_filter ] --END-- [ RunTime:0.001000s ]
INFO: [ app_end ] --START--
INFO: Run Behavior\ShowPageTraceBehavior [ RunTime:0.000000s ]
INFO: [ app_end ] --END-- [ RunTime:0.001000s ]

[ 2017-06-12T09:46:09+08:00 ] 127.0.0.1 /admin.php/User/index.html?username=
INFO: [ app_init ] --START--
INFO: Run Behavior\BuildLiteBehavior [ RunTime:0.000000s ]
INFO: [ app_init ] --END-- [ RunTime:0.002000s ]
INFO: [ app_begin ] --START--
INFO: Run Behavior\ReadHtmlCacheBehavior [ RunTime:0.001000s ]
INFO: [ app_begin ] --END-- [ RunTime:0.002001s ]
SQL: SHOW COLUMNS FROM `xm_user` [ RunTime:0.0050s ]
SQL: SHOW COLUMNS FROM `xm_user` [ RunTime:0.0050s ]
SQL: SELECT COUNT(*) AS tp_count FROM `xm_user` WHERE `status` = 0 LIMIT 1   [ RunTime:0.0010s ]
SQL: SELECT `uid`,`username`,`password`,`email`,`mobile`,`login`,`reg_time`,`reg_ip`,`last_login_ip`,`last_login_time`,`update_time`,`status` FROM `xm_user` WHERE `status` = 0 ORDER BY uid desc LIMIT 0,10   [ RunTime:0.0000s ]
INFO: [ view_parse ] --START--
INFO: [ template_filter ] --START--
INFO: Run Behavior\ContentReplaceBehavior [ RunTime:0.000000s ]
INFO: [ template_filter ] --END-- [ RunTime:0.001000s ]
NOTIC: [8] Undefined variable: vo D:\wamp\www\toumei\Application\Runtime\Cache\Admin\348efd2a0dd83b3e88e89458f20a0b1c.php 第 41 行.
NOTIC: [8] Undefined variable: vo D:\wamp\www\toumei\Application\Runtime\Cache\Admin\348efd2a0dd83b3e88e89458f20a0b1c.php 第 41 行.
NOTIC: [8] Undefined variable: vo D:\wamp\www\toumei\Application\Runtime\Cache\Admin\348efd2a0dd83b3e88e89458f20a0b1c.php 第 41 行.
NOTIC: [8] Undefined variable: vo D:\wamp\www\toumei\Application\Runtime\Cache\Admin\348efd2a0dd83b3e88e89458f20a0b1c.php 第 41 行.
NOTIC: [8] Undefined variable: vo D:\wamp\www\toumei\Application\Runtime\Cache\Admin\348efd2a0dd83b3e88e89458f20a0b1c.php 第 41 行.
NOTIC: [8] Undefined variable: vo D:\wamp\www\toumei\Application\Runtime\Cache\Admin\348efd2a0dd83b3e88e89458f20a0b1c.php 第 41 行.
INFO: Run Behavior\ParseTemplateBehavior [ RunTime:0.039002s ]
INFO: [ view_parse ] --END-- [ RunTime:0.039002s ]
INFO: [ view_filter ] --START--
INFO: Run Behavior\WriteHtmlCacheBehavior [ RunTime:0.001000s ]
INFO: [ view_filter ] --END-- [ RunTime:0.001000s ]
INFO: [ app_end ] --START--
INFO: Run Behavior\ShowPageTraceBehavior [ RunTime:0.001000s ]
INFO: [ app_end ] --END-- [ RunTime:0.001000s ]

[ 2017-06-12T09:46:12+08:00 ] 127.0.0.1 /admin.php/User/edit/uid/6.html
INFO: [ app_init ] --START--
INFO: Run Behavior\BuildLiteBehavior [ RunTime:0.000000s ]
INFO: [ app_init ] --END-- [ RunTime:0.002000s ]
INFO: [ app_begin ] --START--
INFO: Run Behavior\ReadHtmlCacheBehavior [ RunTime:0.001000s ]
INFO: [ app_begin ] --END-- [ RunTime:0.001000s ]
SQL: SHOW COLUMNS FROM `xm_user` [ RunTime:0.0050s ]
SQL: SELECT * FROM `xm_user` WHERE `uid` = 6 LIMIT 1   [ RunTime:0.0000s ]
INFO: [ view_parse ] --START--
INFO: [ template_filter ] --START--
INFO: Run Behavior\ContentReplaceBehavior [ RunTime:0.000000s ]
INFO: [ template_filter ] --END-- [ RunTime:0.001000s ]
NOTIC: [8] Undefined variable: role_list D:\wamp\www\toumei\Application\Runtime\Cache\Admin\4e1f0ee1a12a8dbb63343fe9e6a3f60d.php 第 35 行.
INFO: Run Behavior\ParseTemplateBehavior [ RunTime:0.022001s ]
INFO: [ view_parse ] --END-- [ RunTime:0.022001s ]
INFO: [ view_filter ] --START--
INFO: Run Behavior\WriteHtmlCacheBehavior [ RunTime:0.000000s ]
INFO: [ view_filter ] --END-- [ RunTime:0.001000s ]
INFO: [ app_end ] --START--
INFO: Run Behavior\ShowPageTraceBehavior [ RunTime:0.001000s ]
INFO: [ app_end ] --END-- [ RunTime:0.002000s ]

[ 2017-06-12T09:46:17+08:00 ] 127.0.0.1 /admin.php/User/edit.html
INFO: [ app_init ] --START--
INFO: Run Behavior\BuildLiteBehavior [ RunTime:0.000000s ]
INFO: [ app_init ] --END-- [ RunTime:0.001000s ]
INFO: [ app_begin ] --START--
INFO: Run Behavior\ReadHtmlCacheBehavior [ RunTime:0.001000s ]
INFO: [ app_begin ] --END-- [ RunTime:0.002000s ]
SQL: SHOW COLUMNS FROM `xm_user` [ RunTime:0.0080s ]
NOTIC: [8] Undefined index: password D:\wamp\www\toumei\Application\Admin\Controller\UserController.class.php 第 66 行.
NOTIC: [8] Undefined index: validate D:\wamp\www\toumei\ThinkPHP\Library\Think\Model.class.php 第 1185 行.
SQL: SELECT * FROM `xm_user` WHERE `username` = 'ziteng' AND `uid` <> '6' LIMIT 1   [ RunTime:0.0010s ]
NOTIC: [8] Undefined index: email D:\wamp\www\toumei\ThinkPHP\Library\Think\Model.class.php 第 1217 行.
NOTIC: [8] Undefined index: email D:\wamp\www\toumei\ThinkPHP\Library\Think\Model.class.php 第 1217 行.
NOTIC: [8] Undefined index: email D:\wamp\www\toumei\ThinkPHP\Library\Think\Model.class.php 第 1217 行.
NOTIC: [8] Undefined index: mobile D:\wamp\www\toumei\ThinkPHP\Library\Think\Model.class.php 第 1217 行.
NOTIC: [8] Undefined index: mobile D:\wamp\www\toumei\ThinkPHP\Library\Think\Model.class.php 第 1217 行.
NOTIC: [8] Undefined index: auto D:\wamp\www\toumei\ThinkPHP\Library\Think\Model.class.php 第 1128 行.
SQL: UPDATE `xm_user` SET `username`='ziteng' WHERE `uid` = 6 [ RunTime:0.0050s ]

[ 2017-06-12T09:46:17+08:00 ] 127.0.0.1 /admin.php/User/index.html
INFO: [ app_init ] --START--
INFO: Run Behavior\BuildLiteBehavior [ RunTime:0.000000s ]
INFO: [ app_init ] --END-- [ RunTime:0.000000s ]
INFO: [ app_begin ] --START--
INFO: Run Behavior\ReadHtmlCacheBehavior [ RunTime:0.001000s ]
INFO: [ app_begin ] --END-- [ RunTime:0.001000s ]
SQL: SHOW COLUMNS FROM `xm_user` [ RunTime:0.0050s ]
SQL: SHOW COLUMNS FROM `xm_user` [ RunTime:0.0050s ]
SQL: SELECT COUNT(*) AS tp_count FROM `xm_user` WHERE `status` = 0 LIMIT 1   [ RunTime:0.0000s ]
SQL: SELECT `uid`,`username`,`password`,`email`,`mobile`,`login`,`reg_time`,`reg_ip`,`last_login_ip`,`last_login_time`,`update_time`,`status` FROM `xm_user` WHERE `status` = 0 ORDER BY uid desc LIMIT 0,10   [ RunTime:0.0000s ]
INFO: [ view_parse ] --START--
INFO: [ template_filter ] --START--
INFO: Run Behavior\ContentReplaceBehavior [ RunTime:0.001000s ]
INFO: [ template_filter ] --END-- [ RunTime:0.001000s ]
NOTIC: [8] Undefined variable: vo D:\wamp\www\toumei\Application\Runtime\Cache\Admin\348efd2a0dd83b3e88e89458f20a0b1c.php 第 41 行.
NOTIC: [8] Undefined variable: vo D:\wamp\www\toumei\Application\Runtime\Cache\Admin\348efd2a0dd83b3e88e89458f20a0b1c.php 第 41 行.
NOTIC: [8] Undefined variable: vo D:\wamp\www\toumei\Application\Runtime\Cache\Admin\348efd2a0dd83b3e88e89458f20a0b1c.php 第 41 行.
NOTIC: [8] Undefined variable: vo D:\wamp\www\toumei\Application\Runtime\Cache\Admin\348efd2a0dd83b3e88e89458f20a0b1c.php 第 41 行.
NOTIC: [8] Undefined variable: vo D:\wamp\www\toumei\Application\Runtime\Cache\Admin\348efd2a0dd83b3e88e89458f20a0b1c.php 第 41 行.
NOTIC: [8] Undefined variable: vo D:\wamp\www\toumei\Application\Runtime\Cache\Admin\348efd2a0dd83b3e88e89458f20a0b1c.php 第 41 行.
INFO: Run Behavior\ParseTemplateBehavior [ RunTime:0.032002s ]
INFO: [ view_parse ] --END-- [ RunTime:0.033002s ]
INFO: [ view_filter ] --START--
INFO: Run Behavior\WriteHtmlCacheBehavior [ RunTime:0.000000s ]
INFO: [ view_filter ] --END-- [ RunTime:0.001000s ]
INFO: [ app_end ] --START--
INFO: Run Behavior\ShowPageTraceBehavior [ RunTime:0.000000s ]
INFO: [ app_end ] --END-- [ RunTime:0.001000s ]

[ 2017-06-12T09:46:20+08:00 ] 127.0.0.1 /admin.php/User/edit/uid/5.html
INFO: [ app_init ] --START--
INFO: Run Behavior\BuildLiteBehavior [ RunTime:0.000000s ]
INFO: [ app_init ] --END-- [ RunTime:0.002000s ]
INFO: [ app_begin ] --START--
INFO: Run Behavior\ReadHtmlCacheBehavior [ RunTime:0.001000s ]
INFO: [ app_begin ] --END-- [ RunTime:0.002000s ]
SQL: SHOW COLUMNS FROM `xm_user` [ RunTime:0.0050s ]
SQL: SELECT * FROM `xm_user` WHERE `uid` = 5 LIMIT 1   [ RunTime:0.0000s ]
INFO: [ view_parse ] --START--
INFO: [ template_filter ] --START--
INFO: Run Behavior\ContentReplaceBehavior [ RunTime:0.000000s ]
INFO: [ template_filter ] --END-- [ RunTime:0.001000s ]
NOTIC: [8] Undefined variable: role_list D:\wamp\www\toumei\Application\Runtime\Cache\Admin\4e1f0ee1a12a8dbb63343fe9e6a3f60d.php 第 35 行.
INFO: Run Behavior\ParseTemplateBehavior [ RunTime:0.019002s ]
INFO: [ view_parse ] --END-- [ RunTime:0.020002s ]
INFO: [ view_filter ] --START--
INFO: Run Behavior\WriteHtmlCacheBehavior [ RunTime:0.001000s ]
INFO: [ view_filter ] --END-- [ RunTime:0.001000s ]
INFO: [ app_end ] --START--
INFO: Run Behavior\ShowPageTraceBehavior [ RunTime:0.000000s ]
INFO: [ app_end ] --END-- [ RunTime:0.001000s ]

[ 2017-06-12T09:46:26+08:00 ] 127.0.0.1 /admin.php/User/edit.html
INFO: [ app_init ] --START--
INFO: Run Behavior\BuildLiteBehavior [ RunTime:0.000000s ]
INFO: [ app_init ] --END-- [ RunTime:0.001000s ]
INFO: [ app_begin ] --START--
INFO: Run Behavior\ReadHtmlCacheBehavior [ RunTime:0.001000s ]
INFO: [ app_begin ] --END-- [ RunTime:0.001000s ]
SQL: SHOW COLUMNS FROM `xm_user` [ RunTime:0.0050s ]
NOTIC: [8] Undefined index: password D:\wamp\www\toumei\Application\Admin\Controller\UserController.class.php 第 66 行.
NOTIC: [8] Undefined index: validate D:\wamp\www\toumei\ThinkPHP\Library\Think\Model.class.php 第 1185 行.
SQL: SELECT * FROM `xm_user` WHERE `username` = 'hailiang' AND `uid` <> '5' LIMIT 1   [ RunTime:0.0000s ]
SQL: SELECT * FROM `xm_user` WHERE `email` = 'hailiang@hylanda.om' AND `uid` <> '5' LIMIT 1   [ RunTime:0.0000s ]
NOTIC: [8] Undefined index: mobile D:\wamp\www\toumei\ThinkPHP\Library\Think\Model.class.php 第 1217 行.
NOTIC: [8] Undefined index: mobile D:\wamp\www\toumei\ThinkPHP\Library\Think\Model.class.php 第 1217 行.
NOTIC: [8] Undefined index: auto D:\wamp\www\toumei\ThinkPHP\Library\Think\Model.class.php 第 1128 行.
SQL: UPDATE `xm_user` SET `username`='hailiang',`email`='hailiang@hylanda.om' WHERE `uid` = 5 [ RunTime:0.0030s ]

[ 2017-06-12T09:46:26+08:00 ] 127.0.0.1 /admin.php/User/index.html
INFO: [ app_init ] --START--
INFO: Run Behavior\BuildLiteBehavior [ RunTime:0.000000s ]
INFO: [ app_init ] --END-- [ RunTime:0.001000s ]
INFO: [ app_begin ] --START--
INFO: Run Behavior\ReadHtmlCacheBehavior [ RunTime:0.000000s ]
INFO: [ app_begin ] --END-- [ RunTime:0.001000s ]
SQL: SHOW COLUMNS FROM `xm_user` [ RunTime:0.0050s ]
SQL: SHOW COLUMNS FROM `xm_user` [ RunTime:0.0050s ]
SQL: SELECT COUNT(*) AS tp_count FROM `xm_user` WHERE `status` = 0 LIMIT 1   [ RunTime:0.0000s ]
SQL: SELECT `uid`,`username`,`password`,`email`,`mobile`,`login`,`reg_time`,`reg_ip`,`last_login_ip`,`last_login_time`,`update_time`,`status` FROM `xm_user` WHERE `status` = 0 ORDER BY uid desc LIMIT 0,10   [ RunTime:0.0010s ]
INFO: [ view_parse ] --START--
INFO: [ template_filter ] --START--
INFO: Run Behavior\ContentReplaceBehavior [ RunTime:0.000000s ]
INFO: [ template_filter ] --END-- [ RunTime:0.001000s ]
NOTIC: [8] Undefined variable: vo D:\wamp\www\toumei\Application\Runtime\Cache\Admin\348efd2a0dd83b3e88e89458f20a0b1c.php 第 41 行.
NOTIC: [8] Undefined variable: vo D:\wamp\www\toumei\Application\Runtime\Cache\Admin\348efd2a0dd83b3e88e89458f20a0b1c.php 第 41 行.
NOTIC: [8] Undefined variable: vo D:\wamp\www\toumei\Application\Runtime\Cache\Admin\348efd2a0dd83b3e88e89458f20a0b1c.php 第 41 行.
NOTIC: [8] Undefined variable: vo D:\wamp\www\toumei\Application\Runtime\Cache\Admin\348efd2a0dd83b3e88e89458f20a0b1c.php 第 41 行.
NOTIC: [8] Undefined variable: vo D:\wamp\www\toumei\Application\Runtime\Cache\Admin\348efd2a0dd83b3e88e89458f20a0b1c.php 第 41 行.
NOTIC: [8] Undefined variable: vo D:\wamp\www\toumei\Application\Runtime\Cache\Admin\348efd2a0dd83b3e88e89458f20a0b1c.php 第 41 行.
INFO: Run Behavior\ParseTemplateBehavior [ RunTime:0.034002s ]
INFO: [ view_parse ] --END-- [ RunTime:0.034002s ]
INFO: [ view_filter ] --START--
INFO: Run Behavior\WriteHtmlCacheBehavior [ RunTime:0.000000s ]
INFO: [ view_filter ] --END-- [ RunTime:0.001000s ]
INFO: [ app_end ] --START--
INFO: Run Behavior\ShowPageTraceBehavior [ RunTime:0.001000s ]
INFO: [ app_end ] --END-- [ RunTime:0.001000s ]

[ 2017-06-12T14:03:27+08:00 ] 127.0.0.1 /admin.php/User/del.html?uid%5B%5D=6&uid%5B%5D=5&uid%5B%5D=4&uid%5B%5D=3&uid%5B%5D=2&uid%5B%5D=1
INFO: [ app_init ] --START--
INFO: Run Behavior\BuildLiteBehavior [ RunTime:0.000000s ]
INFO: [ app_init ] --END-- [ RunTime:0.002000s ]
INFO: [ app_begin ] --START--
INFO: Run Behavior\ReadHtmlCacheBehavior [ RunTime:0.001000s ]
INFO: [ app_begin ] --END-- [ RunTime:0.003000s ]
SQL: SHOW COLUMNS FROM `xm_user` [ RunTime:0.0050s ]
SQL: UPDATE `xm_user` SET `status`='1' WHERE `uid` IN ('6','5','4','3','2','1') [ RunTime:0.0050s ]

[ 2017-06-12T14:03:27+08:00 ] 127.0.0.1 /admin.php/User/index.html
INFO: [ app_init ] --START--
INFO: Run Behavior\BuildLiteBehavior [ RunTime:0.000000s ]
INFO: [ app_init ] --END-- [ RunTime:0.001000s ]
INFO: [ app_begin ] --START--
INFO: Run Behavior\ReadHtmlCacheBehavior [ RunTime:0.001000s ]
INFO: [ app_begin ] --END-- [ RunTime:0.001000s ]
SQL: SHOW COLUMNS FROM `xm_user` [ RunTime:0.0050s ]
SQL: SHOW COLUMNS FROM `xm_user` [ RunTime:0.0060s ]
SQL: SELECT COUNT(*) AS tp_count FROM `xm_user` WHERE `status` = 0 LIMIT 1   [ RunTime:0.0000s ]
SQL: SELECT `uid`,`username`,`password`,`email`,`mobile`,`login`,`reg_time`,`reg_ip`,`last_login_ip`,`last_login_time`,`update_time`,`status` FROM `xm_user` WHERE `status` = 0 ORDER BY uid desc LIMIT 0,10   [ RunTime:0.0010s ]
INFO: [ view_parse ] --START--
INFO: [ template_filter ] --START--
INFO: Run Behavior\ContentReplaceBehavior [ RunTime:0.001000s ]
INFO: [ template_filter ] --END-- [ RunTime:0.001000s ]
INFO: Run Behavior\ParseTemplateBehavior [ RunTime:0.025002s ]
INFO: [ view_parse ] --END-- [ RunTime:0.025002s ]
INFO: [ view_filter ] --START--
INFO: Run Behavior\WriteHtmlCacheBehavior [ RunTime:0.001000s ]
INFO: [ view_filter ] --END-- [ RunTime:0.001000s ]
INFO: [ app_end ] --START--
INFO: Run Behavior\ShowPageTraceBehavior [ RunTime:0.001000s ]
INFO: [ app_end ] --END-- [ RunTime:0.001000s ]

[ 2017-06-12T14:03:29+08:00 ] 127.0.0.1 /admin.php/User/index.html
INFO: [ app_init ] --START--
INFO: Run Behavior\BuildLiteBehavior [ RunTime:0.000000s ]
INFO: [ app_init ] --END-- [ RunTime:0.001000s ]
INFO: [ app_begin ] --START--
INFO: Run Behavior\ReadHtmlCacheBehavior [ RunTime:0.001000s ]
INFO: [ app_begin ] --END-- [ RunTime:0.001000s ]
SQL: SHOW COLUMNS FROM `xm_user` [ RunTime:0.0070s ]
SQL: SHOW COLUMNS FROM `xm_user` [ RunTime:0.0070s ]
SQL: SELECT COUNT(*) AS tp_count FROM `xm_user` WHERE `status` = 0 LIMIT 1   [ RunTime:0.0010s ]
SQL: SELECT `uid`,`username`,`password`,`email`,`mobile`,`login`,`reg_time`,`reg_ip`,`last_login_ip`,`last_login_time`,`update_time`,`status` FROM `xm_user` WHERE `status` = 0 ORDER BY uid desc LIMIT 0,10   [ RunTime:0.0000s ]
INFO: [ view_parse ] --START--
INFO: [ template_filter ] --START--
INFO: Run Behavior\ContentReplaceBehavior [ RunTime:0.001000s ]
INFO: [ template_filter ] --END-- [ RunTime:0.001000s ]
INFO: Run Behavior\ParseTemplateBehavior [ RunTime:0.033002s ]
INFO: [ view_parse ] --END-- [ RunTime:0.033002s ]
INFO: [ view_filter ] --START--
INFO: Run Behavior\WriteHtmlCacheBehavior [ RunTime:0.001000s ]
INFO: [ view_filter ] --END-- [ RunTime:0.001000s ]
INFO: [ app_end ] --START--
INFO: Run Behavior\ShowPageTraceBehavior [ RunTime:0.001000s ]
INFO: [ app_end ] --END-- [ RunTime:0.001000s ]

[ 2017-06-12T14:03:30+08:00 ] 127.0.0.1 /admin.php/Index/main.html
INFO: [ app_init ] --START--
INFO: Run Behavior\BuildLiteBehavior [ RunTime:0.000000s ]
INFO: [ app_init ] --END-- [ RunTime:0.002001s ]
INFO: [ app_begin ] --START--
INFO: Run Behavior\ReadHtmlCacheBehavior [ RunTime:0.002000s ]
INFO: [ app_begin ] --END-- [ RunTime:0.002000s ]
INFO: [ view_parse ] --START--
INFO: [ template_filter ] --START--
INFO: Run Behavior\ContentReplaceBehavior [ RunTime:0.000000s ]
INFO: [ template_filter ] --END-- [ RunTime:0.001000s ]
SQL: select version() as v; [ RunTime:0.0000s ]
INFO: Run Behavior\ParseTemplateBehavior [ RunTime:0.026001s ]
INFO: [ view_parse ] --END-- [ RunTime:0.026001s ]
INFO: [ view_filter ] --START--
INFO: Run Behavior\WriteHtmlCacheBehavior [ RunTime:0.000000s ]
INFO: [ view_filter ] --END-- [ RunTime:0.001000s ]
INFO: [ app_end ] --START--
INFO: Run Behavior\ShowPageTraceBehavior [ RunTime:0.000000s ]
INFO: [ app_end ] --END-- [ RunTime:0.002000s ]

[ 2017-06-12T14:03:32+08:00 ] 127.0.0.1 /admin.php/User/index.html
INFO: [ app_init ] --START--
INFO: Run Behavior\BuildLiteBehavior [ RunTime:0.001000s ]
INFO: [ app_init ] --END-- [ RunTime:0.002000s ]
INFO: [ app_begin ] --START--
INFO: Run Behavior\ReadHtmlCacheBehavior [ RunTime:0.002000s ]
INFO: [ app_begin ] --END-- [ RunTime:0.002000s ]
SQL: SHOW COLUMNS FROM `xm_user` [ RunTime:0.0050s ]
SQL: SHOW COLUMNS FROM `xm_user` [ RunTime:0.0050s ]
SQL: SELECT COUNT(*) AS tp_count FROM `xm_user` WHERE `status` = 0 LIMIT 1   [ RunTime:0.0010s ]
SQL: SELECT `uid`,`username`,`password`,`email`,`mobile`,`login`,`reg_time`,`reg_ip`,`last_login_ip`,`last_login_time`,`update_time`,`status` FROM `xm_user` WHERE `status` = 0 ORDER BY uid desc LIMIT 0,10   [ RunTime:0.0010s ]
INFO: [ view_parse ] --START--
INFO: [ template_filter ] --START--
INFO: Run Behavior\ContentReplaceBehavior [ RunTime:0.000000s ]
INFO: [ template_filter ] --END-- [ RunTime:0.001000s ]
INFO: Run Behavior\ParseTemplateBehavior [ RunTime:0.027001s ]
INFO: [ view_parse ] --END-- [ RunTime:0.027001s ]
INFO: [ view_filter ] --START--
INFO: Run Behavior\WriteHtmlCacheBehavior [ RunTime:0.001000s ]
INFO: [ view_filter ] --END-- [ RunTime:0.001000s ]
INFO: [ app_end ] --START--
INFO: Run Behavior\ShowPageTraceBehavior [ RunTime:0.001001s ]
INFO: [ app_end ] --END-- [ RunTime:0.001001s ]

[ 2017-06-12T14:10:38+08:00 ] 127.0.0.1 /admin.php/User/index.html
INFO: [ app_init ] --START--
INFO: Run Behavior\BuildLiteBehavior [ RunTime:0.000000s ]
INFO: [ app_init ] --END-- [ RunTime:0.002000s ]
INFO: [ app_begin ] --START--
INFO: Run Behavior\ReadHtmlCacheBehavior [ RunTime:0.002000s ]
INFO: [ app_begin ] --END-- [ RunTime:0.003000s ]
SQL: SHOW COLUMNS FROM `xm_user` [ RunTime:0.0090s ]
SQL: SHOW COLUMNS FROM `xm_user` [ RunTime:0.0080s ]
SQL: SELECT COUNT(*) AS tp_count FROM `xm_user` WHERE `status` = 0 LIMIT 1   [ RunTime:0.0010s ]
SQL: SELECT `uid`,`username`,`password`,`email`,`mobile`,`login`,`reg_time`,`reg_ip`,`last_login_ip`,`last_login_time`,`update_time`,`status` FROM `xm_user` WHERE `status` = 0 ORDER BY uid desc LIMIT 0,10   [ RunTime:0.0010s ]
INFO: [ view_parse ] --START--
INFO: [ template_filter ] --START--
INFO: Run Behavior\ContentReplaceBehavior [ RunTime:0.000000s ]
INFO: [ template_filter ] --END-- [ RunTime:0.000000s ]
NOTIC: [8] Undefined variable: vo D:\wamp\www\toumei\Application\Runtime\Cache\Admin\348efd2a0dd83b3e88e89458f20a0b1c.php 第 41 行.
NOTIC: [8] Undefined variable: vo D:\wamp\www\toumei\Application\Runtime\Cache\Admin\348efd2a0dd83b3e88e89458f20a0b1c.php 第 41 行.
NOTIC: [8] Undefined variable: vo D:\wamp\www\toumei\Application\Runtime\Cache\Admin\348efd2a0dd83b3e88e89458f20a0b1c.php 第 41 行.
NOTIC: [8] Undefined variable: vo D:\wamp\www\toumei\Application\Runtime\Cache\Admin\348efd2a0dd83b3e88e89458f20a0b1c.php 第 41 行.
NOTIC: [8] Undefined variable: vo D:\wamp\www\toumei\Application\Runtime\Cache\Admin\348efd2a0dd83b3e88e89458f20a0b1c.php 第 41 行.
NOTIC: [8] Undefined variable: vo D:\wamp\www\toumei\Application\Runtime\Cache\Admin\348efd2a0dd83b3e88e89458f20a0b1c.php 第 41 行.
INFO: Run Behavior\ParseTemplateBehavior [ RunTime:0.036002s ]
INFO: [ view_parse ] --END-- [ RunTime:0.036002s ]
INFO: [ view_filter ] --START--
INFO: Run Behavior\WriteHtmlCacheBehavior [ RunTime:0.000000s ]
INFO: [ view_filter ] --END-- [ RunTime:0.001000s ]
INFO: [ app_end ] --START--
INFO: Run Behavior\ShowPageTraceBehavior [ RunTime:0.001000s ]
INFO: [ app_end ] --END-- [ RunTime:0.001000s ]

[ 2017-06-12T14:29:22+08:00 ] 127.0.0.1 /admin.php/Public/logout.html
INFO: [ app_init ] --START--
INFO: Run Behavior\BuildLiteBehavior [ RunTime:0.001001s ]
INFO: [ app_init ] --END-- [ RunTime:0.002001s ]
INFO: [ app_begin ] --START--
INFO: Run Behavior\ReadHtmlCacheBehavior [ RunTime:0.002000s ]
INFO: [ app_begin ] --END-- [ RunTime:0.004000s ]

[ 2017-06-12T14:29:23+08:00 ] 127.0.0.1 /admin.php/Public/login.html
INFO: [ app_init ] --START--
INFO: Run Behavior\BuildLiteBehavior [ RunTime:0.000000s ]
INFO: [ app_init ] --END-- [ RunTime:0.001000s ]
INFO: [ app_begin ] --START--
INFO: Run Behavior\ReadHtmlCacheBehavior [ RunTime:0.001000s ]
INFO: [ app_begin ] --END-- [ RunTime:0.001000s ]
INFO: [ view_parse ] --START--
INFO: [ template_filter ] --START--
INFO: Run Behavior\ContentReplaceBehavior [ RunTime:0.001000s ]
INFO: [ template_filter ] --END-- [ RunTime:0.001000s ]
INFO: Run Behavior\ParseTemplateBehavior [ RunTime:0.036002s ]
INFO: [ view_parse ] --END-- [ RunTime:0.037002s ]
INFO: [ view_filter ] --START--
INFO: Run Behavior\WriteHtmlCacheBehavior [ RunTime:0.001000s ]
INFO: [ view_filter ] --END-- [ RunTime:0.001000s ]
INFO: [ app_end ] --START--
INFO: Run Behavior\ShowPageTraceBehavior [ RunTime:0.001000s ]
INFO: [ app_end ] --END-- [ RunTime:0.002000s ]

[ 2017-06-12T14:29:23+08:00 ] 127.0.0.1 /admin.php/Public/verify.html
INFO: [ app_init ] --START--
INFO: Run Behavior\BuildLiteBehavior [ RunTime:0.000000s ]
INFO: [ app_init ] --END-- [ RunTime:0.001000s ]
INFO: [ app_begin ] --START--
INFO: Run Behavior\ReadHtmlCacheBehavior [ RunTime:0.001000s ]
INFO: [ app_begin ] --END-- [ RunTime:0.001000s ]
INFO: [ app_end ] --START--
INFO: Run Behavior\ShowPageTraceBehavior [ RunTime:0.001000s ]
INFO: [ app_end ] --END-- [ RunTime:0.001000s ]

[ 2017-06-12T14:56:52+08:00 ] 127.0.0.1 /admin.php/Public/login.html
INFO: [ app_init ] --START--
INFO: Run Behavior\BuildLiteBehavior [ RunTime:0.000000s ]
INFO: [ app_init ] --END-- [ RunTime:0.001000s ]
INFO: [ app_begin ] --START--
INFO: Run Behavior\ReadHtmlCacheBehavior [ RunTime:0.001000s ]
INFO: [ app_begin ] --END-- [ RunTime:0.001000s ]

[ 2017-06-12T14:56:52+08:00 ] 127.0.0.1 /admin.php/Public/verify.html?0.3009566487953017
INFO: [ app_init ] --START--
INFO: Run Behavior\BuildLiteBehavior [ RunTime:0.000000s ]
INFO: [ app_init ] --END-- [ RunTime:0.001000s ]
INFO: [ app_begin ] --START--
INFO: Run Behavior\ReadHtmlCacheBehavior [ RunTime:0.001000s ]
INFO: [ app_begin ] --END-- [ RunTime:0.001000s ]
INFO: [ app_end ] --START--
INFO: Run Behavior\ShowPageTraceBehavior [ RunTime:0.000000s ]
INFO: [ app_end ] --END-- [ RunTime:0.001000s ]

[ 2017-06-12T17:03:37+08:00 ] 127.0.0.1 /admin.php/Public/login.html
INFO: [ app_init ] --START--
INFO: Run Behavior\BuildLiteBehavior [ RunTime:0.000000s ]
INFO: [ app_init ] --END-- [ RunTime:0.002000s ]
INFO: [ app_begin ] --START--
INFO: Run Behavior\ReadHtmlCacheBehavior [ RunTime:0.002001s ]
INFO: [ app_begin ] --END-- [ RunTime:0.002001s ]
INFO: [ view_parse ] --START--
INFO: [ template_filter ] --START--
INFO: Run Behavior\ContentReplaceBehavior [ RunTime:0.000000s ]
INFO: [ template_filter ] --END-- [ RunTime:0.002000s ]
INFO: Run Behavior\ParseTemplateBehavior [ RunTime:0.026002s ]
INFO: [ view_parse ] --END-- [ RunTime:0.027002s ]
INFO: [ view_filter ] --START--
INFO: Run Behavior\WriteHtmlCacheBehavior [ RunTime:0.000000s ]
INFO: [ view_filter ] --END-- [ RunTime:0.001000s ]
INFO: [ app_end ] --START--
INFO: Run Behavior\ShowPageTraceBehavior [ RunTime:0.000000s ]
INFO: [ app_end ] --END-- [ RunTime:0.002000s ]

[ 2017-06-12T17:03:37+08:00 ] 127.0.0.1 /admin.php/Public/verify.html
INFO: [ app_init ] --START--
INFO: Run Behavior\BuildLiteBehavior [ RunTime:0.000000s ]
INFO: [ app_init ] --END-- [ RunTime:0.001000s ]
INFO: [ app_begin ] --START--
INFO: Run Behavior\ReadHtmlCacheBehavior [ RunTime:0.001000s ]
INFO: [ app_begin ] --END-- [ RunTime:0.001000s ]
INFO: [ app_end ] --START--
INFO: Run Behavior\ShowPageTraceBehavior [ RunTime:0.002000s ]
INFO: [ app_end ] --END-- [ RunTime:0.002000s ]

[ 2017-06-12T17:03:46+08:00 ] 127.0.0.1 /admin.php/Public/login.html
INFO: [ app_init ] --START--
INFO: Run Behavior\BuildLiteBehavior [ RunTime:0.001000s ]
INFO: [ app_init ] --END-- [ RunTime:0.001000s ]
INFO: [ app_begin ] --START--
INFO: Run Behavior\ReadHtmlCacheBehavior [ RunTime:0.001000s ]
INFO: [ app_begin ] --END-- [ RunTime:0.002001s ]

[ 2017-06-12T17:03:47+08:00 ] 127.0.0.1 /admin.php/Index/index.html
INFO: [ app_init ] --START--
INFO: Run Behavior\BuildLiteBehavior [ RunTime:0.000000s ]
INFO: [ app_init ] --END-- [ RunTime:0.001001s ]
INFO: [ app_begin ] --START--
INFO: Run Behavior\ReadHtmlCacheBehavior [ RunTime:0.000000s ]
INFO: [ app_begin ] --END-- [ RunTime:0.002000s ]
INFO: [ view_parse ] --START--
INFO: [ template_filter ] --START--
INFO: Run Behavior\ContentReplaceBehavior [ RunTime:0.001000s ]
INFO: [ template_filter ] --END-- [ RunTime:0.001000s ]
INFO: Run Behavior\ParseTemplateBehavior [ RunTime:0.028002s ]
INFO: [ view_parse ] --END-- [ RunTime:0.029002s ]
INFO: [ view_filter ] --START--
INFO: Run Behavior\WriteHtmlCacheBehavior [ RunTime:0.001000s ]
INFO: [ view_filter ] --END-- [ RunTime:0.001000s ]
INFO: [ app_end ] --START--
INFO: Run Behavior\ShowPageTraceBehavior [ RunTime:0.001000s ]
INFO: [ app_end ] --END-- [ RunTime:0.001000s ]

[ 2017-06-12T17:03:47+08:00 ] 127.0.0.1 /admin.php/Index/main.html
INFO: [ app_init ] --START--
INFO: Run Behavior\BuildLiteBehavior [ RunTime:0.000000s ]
INFO: [ app_init ] --END-- [ RunTime:0.001000s ]
INFO: [ app_begin ] --START--
INFO: Run Behavior\ReadHtmlCacheBehavior [ RunTime:0.001000s ]
INFO: [ app_begin ] --END-- [ RunTime:0.001000s ]
INFO: [ view_parse ] --START--
INFO: [ template_filter ] --START--
INFO: Run Behavior\ContentReplaceBehavior [ RunTime:0.001000s ]
INFO: [ template_filter ] --END-- [ RunTime:0.001000s ]
SQL: select version() as v; [ RunTime:0.0000s ]
INFO: Run Behavior\ParseTemplateBehavior [ RunTime:0.046003s ]
INFO: [ view_parse ] --END-- [ RunTime:0.046003s ]
INFO: [ view_filter ] --START--
INFO: Run Behavior\WriteHtmlCacheBehavior [ RunTime:0.001000s ]
INFO: [ view_filter ] --END-- [ RunTime:0.001000s ]
INFO: [ app_end ] --START--
INFO: Run Behavior\ShowPageTraceBehavior [ RunTime:0.001000s ]
INFO: [ app_end ] --END-- [ RunTime:0.001000s ]

[ 2017-06-12T17:03:51+08:00 ] 127.0.0.1 /admin.php/User/index.html
INFO: [ app_init ] --START--
INFO: Run Behavior\BuildLiteBehavior [ RunTime:0.000000s ]
INFO: [ app_init ] --END-- [ RunTime:0.003001s ]
INFO: [ app_begin ] --START--
INFO: Run Behavior\ReadHtmlCacheBehavior [ RunTime:0.002000s ]
INFO: [ app_begin ] --END-- [ RunTime:0.003000s ]
SQL: SHOW COLUMNS FROM `xm_user` [ RunTime:0.0120s ]
SQL: SHOW COLUMNS FROM `xm_user` [ RunTime:0.0270s ]
SQL: SELECT COUNT(*) AS tp_count FROM `xm_user` WHERE `status` = 0 LIMIT 1   [ RunTime:0.0010s ]
SQL: SELECT `uid`,`username`,`password`,`email`,`mobile`,`login`,`reg_time`,`reg_ip`,`last_login_ip`,`last_login_time`,`update_time`,`status` FROM `xm_user` WHERE `status` = 0 ORDER BY uid desc LIMIT 0,10   [ RunTime:0.0010s ]
INFO: [ view_parse ] --START--
INFO: [ template_filter ] --START--
INFO: Run Behavior\ContentReplaceBehavior [ RunTime:0.001000s ]
INFO: [ template_filter ] --END-- [ RunTime:0.001000s ]
NOTIC: [8] Undefined variable: vo D:\wamp\www\toumei\Application\Runtime\Cache\Admin\348efd2a0dd83b3e88e89458f20a0b1c.php 第 41 行.
NOTIC: [8] Undefined variable: vo D:\wamp\www\toumei\Application\Runtime\Cache\Admin\348efd2a0dd83b3e88e89458f20a0b1c.php 第 41 行.
NOTIC: [8] Undefined variable: vo D:\wamp\www\toumei\Application\Runtime\Cache\Admin\348efd2a0dd83b3e88e89458f20a0b1c.php 第 41 行.
NOTIC: [8] Undefined variable: vo D:\wamp\www\toumei\Application\Runtime\Cache\Admin\348efd2a0dd83b3e88e89458f20a0b1c.php 第 41 行.
NOTIC: [8] Undefined variable: vo D:\wamp\www\toumei\Application\Runtime\Cache\Admin\348efd2a0dd83b3e88e89458f20a0b1c.php 第 41 行.
NOTIC: [8] Undefined variable: vo D:\wamp\www\toumei\Application\Runtime\Cache\Admin\348efd2a0dd83b3e88e89458f20a0b1c.php 第 41 行.
INFO: Run Behavior\ParseTemplateBehavior [ RunTime:0.046002s ]
INFO: [ view_parse ] --END-- [ RunTime:0.047002s ]
INFO: [ view_filter ] --START--
INFO: Run Behavior\WriteHtmlCacheBehavior [ RunTime:0.001000s ]
INFO: [ view_filter ] --END-- [ RunTime:0.001000s ]
INFO: [ app_end ] --START--
INFO: Run Behavior\ShowPageTraceBehavior [ RunTime:0.001000s ]
INFO: [ app_end ] --END-- [ RunTime:0.001000s ]

[ 2017-06-12T17:03:53+08:00 ] 127.0.0.1 /admin.php/User/index.html
INFO: [ app_init ] --START--
INFO: Run Behavior\BuildLiteBehavior [ RunTime:0.000000s ]
INFO: [ app_init ] --END-- [ RunTime:0.003001s ]
INFO: [ app_begin ] --START--
INFO: Run Behavior\ReadHtmlCacheBehavior [ RunTime:0.002000s ]
INFO: [ app_begin ] --END-- [ RunTime:0.004001s ]
SQL: SHOW COLUMNS FROM `xm_user` [ RunTime:0.0080s ]
SQL: SHOW COLUMNS FROM `xm_user` [ RunTime:0.0070s ]
SQL: SELECT COUNT(*) AS tp_count FROM `xm_user` WHERE `status` = 0 LIMIT 1   [ RunTime:0.0000s ]
SQL: SELECT `uid`,`username`,`password`,`email`,`mobile`,`login`,`reg_time`,`reg_ip`,`last_login_ip`,`last_login_time`,`update_time`,`status` FROM `xm_user` WHERE `status` = 0 ORDER BY uid desc LIMIT 0,10   [ RunTime:0.0000s ]
INFO: [ view_parse ] --START--
INFO: [ template_filter ] --START--
INFO: Run Behavior\ContentReplaceBehavior [ RunTime:0.000000s ]
INFO: [ template_filter ] --END-- [ RunTime:0.001000s ]
NOTIC: [8] Undefined variable: vo D:\wamp\www\toumei\Application\Runtime\Cache\Admin\348efd2a0dd83b3e88e89458f20a0b1c.php 第 41 行.
NOTIC: [8] Undefined variable: vo D:\wamp\www\toumei\Application\Runtime\Cache\Admin\348efd2a0dd83b3e88e89458f20a0b1c.php 第 41 行.
NOTIC: [8] Undefined variable: vo D:\wamp\www\toumei\Application\Runtime\Cache\Admin\348efd2a0dd83b3e88e89458f20a0b1c.php 第 41 行.
NOTIC: [8] Undefined variable: vo D:\wamp\www\toumei\Application\Runtime\Cache\Admin\348efd2a0dd83b3e88e89458f20a0b1c.php 第 41 行.
NOTIC: [8] Undefined variable: vo D:\wamp\www\toumei\Application\Runtime\Cache\Admin\348efd2a0dd83b3e88e89458f20a0b1c.php 第 41 行.
NOTIC: [8] Undefined variable: vo D:\wamp\www\toumei\Application\Runtime\Cache\Admin\348efd2a0dd83b3e88e89458f20a0b1c.php 第 41 行.
INFO: Run Behavior\ParseTemplateBehavior [ RunTime:0.037002s ]
INFO: [ view_parse ] --END-- [ RunTime:0.037002s ]
INFO: [ view_filter ] --START--
INFO: Run Behavior\WriteHtmlCacheBehavior [ RunTime:0.000000s ]
INFO: [ view_filter ] --END-- [ RunTime:0.002000s ]
INFO: [ app_end ] --START--
INFO: Run Behavior\ShowPageTraceBehavior [ RunTime:0.001000s ]
INFO: [ app_end ] --END-- [ RunTime:0.001000s ]

[ 2017-06-12T17:03:53+08:00 ] 127.0.0.1 /admin.php/Index/main.html
INFO: [ app_init ] --START--
INFO: Run Behavior\BuildLiteBehavior [ RunTime:0.000000s ]
INFO: [ app_init ] --END-- [ RunTime:0.002000s ]
INFO: [ app_begin ] --START--
INFO: Run Behavior\ReadHtmlCacheBehavior [ RunTime:0.002000s ]
INFO: [ app_begin ] --END-- [ RunTime:0.002000s ]
INFO: [ view_parse ] --START--
INFO: [ template_filter ] --START--
INFO: Run Behavior\ContentReplaceBehavior [ RunTime:0.000000s ]
INFO: [ template_filter ] --END-- [ RunTime:0.002000s ]
SQL: select version() as v; [ RunTime:0.0000s ]
INFO: Run Behavior\ParseTemplateBehavior [ RunTime:0.034002s ]
INFO: [ view_parse ] --END-- [ RunTime:0.035002s ]
INFO: [ view_filter ] --START--
INFO: Run Behavior\WriteHtmlCacheBehavior [ RunTime:0.001000s ]
INFO: [ view_filter ] --END-- [ RunTime:0.002000s ]
INFO: [ app_end ] --START--
INFO: Run Behavior\ShowPageTraceBehavior [ RunTime:0.000000s ]
INFO: [ app_end ] --END-- [ RunTime:0.002000s ]

[ 2017-06-12T17:03:55+08:00 ] 127.0.0.1 /admin.php/User/index.html
INFO: [ app_init ] --START--
INFO: Run Behavior\BuildLiteBehavior [ RunTime:0.001000s ]
INFO: [ app_init ] --END-- [ RunTime:0.002000s ]
INFO: [ app_begin ] --START--
INFO: Run Behavior\ReadHtmlCacheBehavior [ RunTime:0.002000s ]
INFO: [ app_begin ] --END-- [ RunTime:0.002000s ]
SQL: SHOW COLUMNS FROM `xm_user` [ RunTime:0.0060s ]
SQL: SHOW COLUMNS FROM `xm_user` [ RunTime:0.0050s ]
SQL: SELECT COUNT(*) AS tp_count FROM `xm_user` WHERE `status` = 0 LIMIT 1   [ RunTime:0.0000s ]
SQL: SELECT `uid`,`username`,`password`,`email`,`mobile`,`login`,`reg_time`,`reg_ip`,`last_login_ip`,`last_login_time`,`update_time`,`status` FROM `xm_user` WHERE `status` = 0 ORDER BY uid desc LIMIT 0,10   [ RunTime:0.0010s ]
INFO: [ view_parse ] --START--
INFO: [ template_filter ] --START--
INFO: Run Behavior\ContentReplaceBehavior [ RunTime:0.000000s ]
INFO: [ template_filter ] --END-- [ RunTime:0.001000s ]
NOTIC: [8] Undefined variable: vo D:\wamp\www\toumei\Application\Runtime\Cache\Admin\348efd2a0dd83b3e88e89458f20a0b1c.php 第 41 行.
NOTIC: [8] Undefined variable: vo D:\wamp\www\toumei\Application\Runtime\Cache\Admin\348efd2a0dd83b3e88e89458f20a0b1c.php 第 41 行.
NOTIC: [8] Undefined variable: vo D:\wamp\www\toumei\Application\Runtime\Cache\Admin\348efd2a0dd83b3e88e89458f20a0b1c.php 第 41 行.
NOTIC: [8] Undefined variable: vo D:\wamp\www\toumei\Application\Runtime\Cache\Admin\348efd2a0dd83b3e88e89458f20a0b1c.php 第 41 行.
NOTIC: [8] Undefined variable: vo D:\wamp\www\toumei\Application\Runtime\Cache\Admin\348efd2a0dd83b3e88e89458f20a0b1c.php 第 41 行.
NOTIC: [8] Undefined variable: vo D:\wamp\www\toumei\Application\Runtime\Cache\Admin\348efd2a0dd83b3e88e89458f20a0b1c.php 第 41 行.
INFO: Run Behavior\ParseTemplateBehavior [ RunTime:0.034002s ]
INFO: [ view_parse ] --END-- [ RunTime:0.034002s ]
INFO: [ view_filter ] --START--
INFO: Run Behavior\WriteHtmlCacheBehavior [ RunTime:0.001000s ]
INFO: [ view_filter ] --END-- [ RunTime:0.001000s ]
INFO: [ app_end ] --START--
INFO: Run Behavior\ShowPageTraceBehavior [ RunTime:0.001000s ]
INFO: [ app_end ] --END-- [ RunTime:0.001000s ]

[ 2017-06-12T17:03:56+08:00 ] 127.0.0.1 /admin.php/Index/main.html
INFO: [ app_init ] --START--
INFO: Run Behavior\BuildLiteBehavior [ RunTime:0.000000s ]
INFO: [ app_init ] --END-- [ RunTime:0.001000s ]
INFO: [ app_begin ] --START--
INFO: Run Behavior\ReadHtmlCacheBehavior [ RunTime:0.001000s ]
INFO: [ app_begin ] --END-- [ RunTime:0.002000s ]
INFO: [ view_parse ] --START--
INFO: [ template_filter ] --START--
INFO: Run Behavior\ContentReplaceBehavior [ RunTime:0.000000s ]
INFO: [ template_filter ] --END-- [ RunTime:0.002000s ]
SQL: select version() as v; [ RunTime:0.0010s ]
INFO: Run Behavior\ParseTemplateBehavior [ RunTime:0.041003s ]
INFO: [ view_parse ] --END-- [ RunTime:0.043003s ]
INFO: [ view_filter ] --START--
INFO: Run Behavior\WriteHtmlCacheBehavior [ RunTime:0.001000s ]
INFO: [ view_filter ] --END-- [ RunTime:0.002000s ]
INFO: [ app_end ] --START--
INFO: Run Behavior\ShowPageTraceBehavior [ RunTime:0.002000s ]
INFO: [ app_end ] --END-- [ RunTime:0.002000s ]

[ 2017-06-12T17:03:57+08:00 ] 127.0.0.1 /admin.php/User/index.html
INFO: [ app_init ] --START--
INFO: Run Behavior\BuildLiteBehavior [ RunTime:0.000000s ]
INFO: [ app_init ] --END-- [ RunTime:0.004000s ]
INFO: [ app_begin ] --START--
INFO: Run Behavior\ReadHtmlCacheBehavior [ RunTime:0.003000s ]
INFO: [ app_begin ] --END-- [ RunTime:0.005000s ]
SQL: SHOW COLUMNS FROM `xm_user` [ RunTime:0.0090s ]
SQL: SHOW COLUMNS FROM `xm_user` [ RunTime:0.0090s ]
SQL: SELECT COUNT(*) AS tp_count FROM `xm_user` WHERE `status` = 0 LIMIT 1   [ RunTime:0.0010s ]
SQL: SELECT `uid`,`username`,`password`,`email`,`mobile`,`login`,`reg_time`,`reg_ip`,`last_login_ip`,`last_login_time`,`update_time`,`status` FROM `xm_user` WHERE `status` = 0 ORDER BY uid desc LIMIT 0,10   [ RunTime:0.0010s ]
INFO: [ view_parse ] --START--
INFO: [ template_filter ] --START--
INFO: Run Behavior\ContentReplaceBehavior [ RunTime:0.000000s ]
INFO: [ template_filter ] --END-- [ RunTime:0.002000s ]
NOTIC: [8] Undefined variable: vo D:\wamp\www\toumei\Application\Runtime\Cache\Admin\348efd2a0dd83b3e88e89458f20a0b1c.php 第 41 行.
NOTIC: [8] Undefined variable: vo D:\wamp\www\toumei\Application\Runtime\Cache\Admin\348efd2a0dd83b3e88e89458f20a0b1c.php 第 41 行.
NOTIC: [8] Undefined variable: vo D:\wamp\www\toumei\Application\Runtime\Cache\Admin\348efd2a0dd83b3e88e89458f20a0b1c.php 第 41 行.
NOTIC: [8] Undefined variable: vo D:\wamp\www\toumei\Application\Runtime\Cache\Admin\348efd2a0dd83b3e88e89458f20a0b1c.php 第 41 行.
NOTIC: [8] Undefined variable: vo D:\wamp\www\toumei\Application\Runtime\Cache\Admin\348efd2a0dd83b3e88e89458f20a0b1c.php 第 41 行.
NOTIC: [8] Undefined variable: vo D:\wamp\www\toumei\Application\Runtime\Cache\Admin\348efd2a0dd83b3e88e89458f20a0b1c.php 第 41 行.
INFO: Run Behavior\ParseTemplateBehavior [ RunTime:0.045003s ]
INFO: [ view_parse ] --END-- [ RunTime:0.046003s ]
INFO: [ view_filter ] --START--
INFO: Run Behavior\WriteHtmlCacheBehavior [ RunTime:0.001000s ]
INFO: [ view_filter ] --END-- [ RunTime:0.001000s ]
INFO: [ app_end ] --START--
INFO: Run Behavior\ShowPageTraceBehavior [ RunTime:0.001000s ]
INFO: [ app_end ] --END-- [ RunTime:0.001000s ]

[ 2017-06-12T17:03:57+08:00 ] 127.0.0.1 /admin.php/Index/main.html
INFO: [ app_init ] --START--
INFO: Run Behavior\BuildLiteBehavior [ RunTime:0.000000s ]
INFO: [ app_init ] --END-- [ RunTime:0.003001s ]
INFO: [ app_begin ] --START--
INFO: Run Behavior\ReadHtmlCacheBehavior [ RunTime:0.002000s ]
INFO: [ app_begin ] --END-- [ RunTime:0.002000s ]
INFO: [ view_parse ] --START--
INFO: [ template_filter ] --START--
INFO: Run Behavior\ContentReplaceBehavior [ RunTime:0.000000s ]
INFO: [ template_filter ] --END-- [ RunTime:0.001000s ]
SQL: select version() as v; [ RunTime:0.0000s ]
INFO: Run Behavior\ParseTemplateBehavior [ RunTime:0.036002s ]
INFO: [ view_parse ] --END-- [ RunTime:0.037002s ]
INFO: [ view_filter ] --START--
INFO: Run Behavior\WriteHtmlCacheBehavior [ RunTime:0.001000s ]
INFO: [ view_filter ] --END-- [ RunTime:0.001000s ]
INFO: [ app_end ] --START--
INFO: Run Behavior\ShowPageTraceBehavior [ RunTime:0.001000s ]
INFO: [ app_end ] --END-- [ RunTime:0.001000s ]

[ 2017-06-12T17:03:58+08:00 ] 127.0.0.1 /admin.php/User/index.html
INFO: [ app_init ] --START--
INFO: Run Behavior\BuildLiteBehavior [ RunTime:0.001000s ]
INFO: [ app_init ] --END-- [ RunTime:0.002000s ]
INFO: [ app_begin ] --START--
INFO: Run Behavior\ReadHtmlCacheBehavior [ RunTime:0.002000s ]
INFO: [ app_begin ] --END-- [ RunTime:0.002000s ]
SQL: SHOW COLUMNS FROM `xm_user` [ RunTime:0.0050s ]
SQL: SHOW COLUMNS FROM `xm_user` [ RunTime:0.0050s ]
SQL: SELECT COUNT(*) AS tp_count FROM `xm_user` WHERE `status` = 0 LIMIT 1   [ RunTime:0.0000s ]
SQL: SELECT `uid`,`username`,`password`,`email`,`mobile`,`login`,`reg_time`,`reg_ip`,`last_login_ip`,`last_login_time`,`update_time`,`status` FROM `xm_user` WHERE `status` = 0 ORDER BY uid desc LIMIT 0,10   [ RunTime:0.0010s ]
INFO: [ view_parse ] --START--
INFO: [ template_filter ] --START--
INFO: Run Behavior\ContentReplaceBehavior [ RunTime:0.001000s ]
INFO: [ template_filter ] --END-- [ RunTime:0.001000s ]
NOTIC: [8] Undefined variable: vo D:\wamp\www\toumei\Application\Runtime\Cache\Admin\348efd2a0dd83b3e88e89458f20a0b1c.php 第 41 行.
NOTIC: [8] Undefined variable: vo D:\wamp\www\toumei\Application\Runtime\Cache\Admin\348efd2a0dd83b3e88e89458f20a0b1c.php 第 41 行.
NOTIC: [8] Undefined variable: vo D:\wamp\www\toumei\Application\Runtime\Cache\Admin\348efd2a0dd83b3e88e89458f20a0b1c.php 第 41 行.
NOTIC: [8] Undefined variable: vo D:\wamp\www\toumei\Application\Runtime\Cache\Admin\348efd2a0dd83b3e88e89458f20a0b1c.php 第 41 行.
NOTIC: [8] Undefined variable: vo D:\wamp\www\toumei\Application\Runtime\Cache\Admin\348efd2a0dd83b3e88e89458f20a0b1c.php 第 41 行.
NOTIC: [8] Undefined variable: vo D:\wamp\www\toumei\Application\Runtime\Cache\Admin\348efd2a0dd83b3e88e89458f20a0b1c.php 第 41 行.
INFO: Run Behavior\ParseTemplateBehavior [ RunTime:0.036002s ]
INFO: [ view_parse ] --END-- [ RunTime:0.036002s ]
INFO: [ view_filter ] --START--
INFO: Run Behavior\WriteHtmlCacheBehavior [ RunTime:0.001000s ]
INFO: [ view_filter ] --END-- [ RunTime:0.001000s ]
INFO: [ app_end ] --START--
INFO: Run Behavior\ShowPageTraceBehavior [ RunTime:0.000000s ]
INFO: [ app_end ] --END-- [ RunTime:0.002000s ]

