[ 2017-06-13T11:33:12+08:00 ] 127.0.0.1 /admin.php/Public/logout.html
INFO: [ app_init ] --START--
INFO: Run Behavior\BuildLiteBehavior [ RunTime:0.000000s ]
INFO: [ app_init ] --END-- [ RunTime:0.001000s ]
INFO: [ app_begin ] --START--
INFO: Run Behavior\ReadHtmlCacheBehavior [ RunTime:0.001000s ]
INFO: [ app_begin ] --END-- [ RunTime:0.002000s ]

[ 2017-06-13T11:33:12+08:00 ] 127.0.0.1 /admin.php/Public/login.html
INFO: [ app_init ] --START--
INFO: Run Behavior\BuildLiteBehavior [ RunTime:0.000000s ]
INFO: [ app_init ] --END-- [ RunTime:0.001000s ]
INFO: [ app_begin ] --START--
INFO: Run Behavior\ReadHtmlCacheBehavior [ RunTime:0.001000s ]
INFO: [ app_begin ] --END-- [ RunTime:0.001000s ]
INFO: [ view_parse ] --START--
INFO: [ template_filter ] --START--
INFO: Run Behavior\ContentReplaceBehavior [ RunTime:0.000000s ]
INFO: [ template_filter ] --END-- [ RunTime:0.000000s ]
INFO: Run Behavior\ParseTemplateBehavior [ RunTime:0.013001s ]
INFO: [ view_parse ] --END-- [ RunTime:0.013001s ]
INFO: [ view_filter ] --START--
INFO: Run Behavior\WriteHtmlCacheBehavior [ RunTime:0.000000s ]
INFO: [ view_filter ] --END-- [ RunTime:0.001000s ]
INFO: [ app_end ] --START--
INFO: Run Behavior\ShowPageTraceBehavior [ RunTime:0.001000s ]
INFO: [ app_end ] --END-- [ RunTime:0.001000s ]

[ 2017-06-13T11:33:12+08:00 ] 127.0.0.1 /admin.php/Public/verify.html
INFO: [ app_init ] --START--
INFO: Run Behavior\BuildLiteBehavior [ RunTime:0.000000s ]
INFO: [ app_init ] --END-- [ RunTime:0.001000s ]
INFO: [ app_begin ] --START--
INFO: Run Behavior\ReadHtmlCacheBehavior [ RunTime:0.000000s ]
INFO: [ app_begin ] --END-- [ RunTime:0.002000s ]
INFO: [ app_end ] --START--
INFO: Run Behavior\ShowPageTraceBehavior [ RunTime:0.001000s ]
INFO: [ app_end ] --END-- [ RunTime:0.001000s ]

[ 2017-06-13T11:33:16+08:00 ] 127.0.0.1 /admin.php/Public/login.html
INFO: [ app_init ] --START--
INFO: Run Behavior\BuildLiteBehavior [ RunTime:0.000000s ]
INFO: [ app_init ] --END-- [ RunTime:0.002000s ]
INFO: [ app_begin ] --START--
INFO: Run Behavior\ReadHtmlCacheBehavior [ RunTime:0.002000s ]
INFO: [ app_begin ] --END-- [ RunTime:0.002000s ]
INFO: [ view_parse ] --START--
INFO: [ template_filter ] --START--
INFO: Run Behavior\ContentReplaceBehavior [ RunTime:0.000000s ]
INFO: [ template_filter ] --END-- [ RunTime:0.001000s ]
INFO: Run Behavior\ParseTemplateBehavior [ RunTime:0.017001s ]
INFO: [ view_parse ] --END-- [ RunTime:0.017001s ]
INFO: [ view_filter ] --START--
INFO: Run Behavior\WriteHtmlCacheBehavior [ RunTime:0.001000s ]
INFO: [ view_filter ] --END-- [ RunTime:0.001000s ]
INFO: [ app_end ] --START--
INFO: Run Behavior\ShowPageTraceBehavior [ RunTime:0.001000s ]
INFO: [ app_end ] --END-- [ RunTime:0.002001s ]

[ 2017-06-13T11:33:16+08:00 ] 127.0.0.1 /admin.php/Public/verify.html
INFO: [ app_init ] --START--
INFO: Run Behavior\BuildLiteBehavior [ RunTime:0.001000s ]
INFO: [ app_init ] --END-- [ RunTime:0.001000s ]
INFO: [ app_begin ] --START--
INFO: Run Behavior\ReadHtmlCacheBehavior [ RunTime:0.001000s ]
INFO: [ app_begin ] --END-- [ RunTime:0.001000s ]
INFO: [ app_end ] --START--
INFO: Run Behavior\ShowPageTraceBehavior [ RunTime:0.001000s ]
INFO: [ app_end ] --END-- [ RunTime:0.001000s ]

[ 2017-06-13T11:33:18+08:00 ] 127.0.0.1 /admin.php/Public/verify.html?0.7584196413270581
INFO: [ app_init ] --START--
INFO: Run Behavior\BuildLiteBehavior [ RunTime:0.000000s ]
INFO: [ app_init ] --END-- [ RunTime:0.001000s ]
INFO: [ app_begin ] --START--
INFO: Run Behavior\ReadHtmlCacheBehavior [ RunTime:0.001000s ]
INFO: [ app_begin ] --END-- [ RunTime:0.002000s ]
INFO: [ app_end ] --START--
INFO: Run Behavior\ShowPageTraceBehavior [ RunTime:0.001000s ]
INFO: [ app_end ] --END-- [ RunTime:0.001000s ]

[ 2017-06-13T11:33:19+08:00 ] 127.0.0.1 /admin.php/Public/verify.html?0.7584196413270581&random=0.550889084804338
INFO: [ app_init ] --START--
INFO: Run Behavior\BuildLiteBehavior [ RunTime:0.000000s ]
INFO: [ app_init ] --END-- [ RunTime:0.002000s ]
INFO: [ app_begin ] --START--
INFO: Run Behavior\ReadHtmlCacheBehavior [ RunTime:0.002000s ]
INFO: [ app_begin ] --END-- [ RunTime:0.003000s ]
INFO: [ app_end ] --START--
INFO: Run Behavior\ShowPageTraceBehavior [ RunTime:0.003000s ]
INFO: [ app_end ] --END-- [ RunTime:0.004000s ]

[ 2017-06-13T11:33:19+08:00 ] 127.0.0.1 /admin.php/Public/verify.html?0.7584196413270581&random=0.550889084804338&random=0.5439082200138483
INFO: [ app_init ] --START--
INFO: Run Behavior\BuildLiteBehavior [ RunTime:0.001000s ]
INFO: [ app_init ] --END-- [ RunTime:0.002000s ]
INFO: [ app_begin ] --START--
INFO: Run Behavior\ReadHtmlCacheBehavior [ RunTime:0.001000s ]
INFO: [ app_begin ] --END-- [ RunTime:0.002000s ]
INFO: [ app_end ] --START--
INFO: Run Behavior\ShowPageTraceBehavior [ RunTime:0.000000s ]
INFO: [ app_end ] --END-- [ RunTime:0.002000s ]

[ 2017-06-13T11:33:21+08:00 ] 127.0.0.1 /admin.php/Public/verify.html?0.7584196413270581&random=0.550889084804338&random=0.5439082200138483&random=0.7140936592844993
INFO: [ app_init ] --START--
INFO: Run Behavior\BuildLiteBehavior [ RunTime:0.000000s ]
INFO: [ app_init ] --END-- [ RunTime:0.002000s ]
INFO: [ app_begin ] --START--
INFO: Run Behavior\ReadHtmlCacheBehavior [ RunTime:0.001000s ]
INFO: [ app_begin ] --END-- [ RunTime:0.003000s ]
INFO: [ app_end ] --START--
INFO: Run Behavior\ShowPageTraceBehavior [ RunTime:0.001001s ]
INFO: [ app_end ] --END-- [ RunTime:0.002001s ]

[ 2017-06-13T11:33:28+08:00 ] 127.0.0.1 /admin.php/Public/login.html
INFO: [ app_init ] --START--
INFO: Run Behavior\BuildLiteBehavior [ RunTime:0.000000s ]
INFO: [ app_init ] --END-- [ RunTime:0.002000s ]
INFO: [ app_begin ] --START--
INFO: Run Behavior\ReadHtmlCacheBehavior [ RunTime:0.001000s ]
INFO: [ app_begin ] --END-- [ RunTime:0.002001s ]

[ 2017-06-13T11:33:28+08:00 ] 127.0.0.1 /admin.php/Index/index.html
INFO: [ app_init ] --START--
INFO: Run Behavior\BuildLiteBehavior [ RunTime:0.001000s ]
INFO: [ app_init ] --END-- [ RunTime:0.002000s ]
INFO: [ app_begin ] --START--
INFO: Run Behavior\ReadHtmlCacheBehavior [ RunTime:0.001000s ]
INFO: [ app_begin ] --END-- [ RunTime:0.002000s ]
INFO: [ view_parse ] --START--
INFO: [ template_filter ] --START--
INFO: Run Behavior\ContentReplaceBehavior [ RunTime:0.000000s ]
INFO: [ template_filter ] --END-- [ RunTime:0.001000s ]
INFO: Run Behavior\ParseTemplateBehavior [ RunTime:0.017001s ]
INFO: [ view_parse ] --END-- [ RunTime:0.017001s ]
INFO: [ view_filter ] --START--
INFO: Run Behavior\WriteHtmlCacheBehavior [ RunTime:0.001000s ]
INFO: [ view_filter ] --END-- [ RunTime:0.001000s ]
INFO: [ app_end ] --START--
INFO: Run Behavior\ShowPageTraceBehavior [ RunTime:0.001000s ]
INFO: [ app_end ] --END-- [ RunTime:0.001000s ]

[ 2017-06-13T11:33:28+08:00 ] 127.0.0.1 /admin.php/Index/main.html
INFO: [ app_init ] --START--
INFO: Run Behavior\BuildLiteBehavior [ RunTime:0.000000s ]
INFO: [ app_init ] --END-- [ RunTime:0.001000s ]
INFO: [ app_begin ] --START--
INFO: Run Behavior\ReadHtmlCacheBehavior [ RunTime:0.001000s ]
INFO: [ app_begin ] --END-- [ RunTime:0.001000s ]
INFO: [ view_parse ] --START--
INFO: [ template_filter ] --START--
INFO: Run Behavior\ContentReplaceBehavior [ RunTime:0.000000s ]
INFO: [ template_filter ] --END-- [ RunTime:0.000000s ]
ERR: 无法加载数据库驱动: Think\Db\Driver\

[ 2017-06-13T11:33:58+08:00 ] 127.0.0.1 /admin.php/Index/main.html
INFO: [ app_init ] --START--
INFO: Run Behavior\BuildLiteBehavior [ RunTime:0.000000s ]
INFO: [ app_init ] --END-- [ RunTime:0.002000s ]
INFO: [ app_begin ] --START--
INFO: Run Behavior\ReadHtmlCacheBehavior [ RunTime:0.000000s ]
INFO: [ app_begin ] --END-- [ RunTime:0.002000s ]
INFO: [ view_parse ] --START--
INFO: [ template_filter ] --START--
INFO: Run Behavior\ContentReplaceBehavior [ RunTime:0.000000s ]
INFO: [ template_filter ] --END-- [ RunTime:0.001000s ]
SQL: select version() as v; [ RunTime:0.0000s ]
INFO: Run Behavior\ParseTemplateBehavior [ RunTime:0.024002s ]
INFO: [ view_parse ] --END-- [ RunTime:0.025002s ]
INFO: [ view_filter ] --START--
INFO: Run Behavior\WriteHtmlCacheBehavior [ RunTime:0.001000s ]
INFO: [ view_filter ] --END-- [ RunTime:0.001000s ]
INFO: [ app_end ] --START--
INFO: Run Behavior\ShowPageTraceBehavior [ RunTime:0.000000s ]
INFO: [ app_end ] --END-- [ RunTime:0.001000s ]

[ 2017-06-13T11:34:00+08:00 ] 127.0.0.1 /admin.php/User/index.html
INFO: [ app_init ] --START--
INFO: Run Behavior\BuildLiteBehavior [ RunTime:0.000000s ]
INFO: [ app_init ] --END-- [ RunTime:0.001000s ]
INFO: [ app_begin ] --START--
INFO: Run Behavior\ReadHtmlCacheBehavior [ RunTime:0.000000s ]
INFO: [ app_begin ] --END-- [ RunTime:0.002000s ]
SQL: SHOW COLUMNS FROM `xm_user` [ RunTime:0.0060s ]
SQL: SHOW COLUMNS FROM `xm_user` [ RunTime:0.0060s ]
SQL: SELECT COUNT(*) AS tp_count FROM `xm_user` WHERE `status` = 0 LIMIT 1   [ RunTime:0.0000s ]
SQL: SELECT `uid`,`username`,`password`,`email`,`mobile`,`login`,`reg_time`,`reg_ip`,`last_login_ip`,`last_login_time`,`update_time`,`status` FROM `xm_user` WHERE `status` = 0 ORDER BY uid desc LIMIT 0,10   [ RunTime:0.0000s ]
INFO: [ view_parse ] --START--
INFO: [ template_filter ] --START--
INFO: Run Behavior\ContentReplaceBehavior [ RunTime:0.001000s ]
INFO: [ template_filter ] --END-- [ RunTime:0.001000s ]
NOTIC: [8] Undefined variable: vo D:\wamp\www\toumei\Application\Runtime\Cache\Admin\348efd2a0dd83b3e88e89458f20a0b1c.php 第 41 行.
NOTIC: [8] Undefined variable: vo D:\wamp\www\toumei\Application\Runtime\Cache\Admin\348efd2a0dd83b3e88e89458f20a0b1c.php 第 41 行.
NOTIC: [8] Undefined variable: vo D:\wamp\www\toumei\Application\Runtime\Cache\Admin\348efd2a0dd83b3e88e89458f20a0b1c.php 第 41 行.
NOTIC: [8] Undefined variable: vo D:\wamp\www\toumei\Application\Runtime\Cache\Admin\348efd2a0dd83b3e88e89458f20a0b1c.php 第 41 行.
NOTIC: [8] Undefined variable: vo D:\wamp\www\toumei\Application\Runtime\Cache\Admin\348efd2a0dd83b3e88e89458f20a0b1c.php 第 41 行.
NOTIC: [8] Undefined variable: vo D:\wamp\www\toumei\Application\Runtime\Cache\Admin\348efd2a0dd83b3e88e89458f20a0b1c.php 第 41 行.
INFO: Run Behavior\ParseTemplateBehavior [ RunTime:0.042003s ]
INFO: [ view_parse ] --END-- [ RunTime:0.043003s ]
INFO: [ view_filter ] --START--
INFO: Run Behavior\WriteHtmlCacheBehavior [ RunTime:0.001000s ]
INFO: [ view_filter ] --END-- [ RunTime:0.001000s ]
INFO: [ app_end ] --START--
INFO: Run Behavior\ShowPageTraceBehavior [ RunTime:0.001000s ]
INFO: [ app_end ] --END-- [ RunTime:0.001000s ]

[ 2017-06-13T11:34:02+08:00 ] 127.0.0.1 /admin.php/User/index.html
INFO: [ app_init ] --START--
INFO: Run Behavior\BuildLiteBehavior [ RunTime:0.001000s ]
INFO: [ app_init ] --END-- [ RunTime:0.002000s ]
INFO: [ app_begin ] --START--
INFO: Run Behavior\ReadHtmlCacheBehavior [ RunTime:0.001000s ]
INFO: [ app_begin ] --END-- [ RunTime:0.003000s ]
SQL: SHOW COLUMNS FROM `xm_user` [ RunTime:0.0150s ]
SQL: SHOW COLUMNS FROM `xm_user` [ RunTime:0.0040s ]
SQL: SELECT COUNT(*) AS tp_count FROM `xm_user` WHERE `status` = 0 LIMIT 1   [ RunTime:0.0000s ]
SQL: SELECT `uid`,`username`,`password`,`email`,`mobile`,`login`,`reg_time`,`reg_ip`,`last_login_ip`,`last_login_time`,`update_time`,`status` FROM `xm_user` WHERE `status` = 0 ORDER BY uid desc LIMIT 0,10   [ RunTime:0.0000s ]
INFO: [ view_parse ] --START--
INFO: [ template_filter ] --START--
INFO: Run Behavior\ContentReplaceBehavior [ RunTime:0.000000s ]
INFO: [ template_filter ] --END-- [ RunTime:0.001000s ]
NOTIC: [8] Undefined variable: vo D:\wamp\www\toumei\Application\Runtime\Cache\Admin\348efd2a0dd83b3e88e89458f20a0b1c.php 第 41 行.
NOTIC: [8] Undefined variable: vo D:\wamp\www\toumei\Application\Runtime\Cache\Admin\348efd2a0dd83b3e88e89458f20a0b1c.php 第 41 行.
NOTIC: [8] Undefined variable: vo D:\wamp\www\toumei\Application\Runtime\Cache\Admin\348efd2a0dd83b3e88e89458f20a0b1c.php 第 41 行.
NOTIC: [8] Undefined variable: vo D:\wamp\www\toumei\Application\Runtime\Cache\Admin\348efd2a0dd83b3e88e89458f20a0b1c.php 第 41 行.
NOTIC: [8] Undefined variable: vo D:\wamp\www\toumei\Application\Runtime\Cache\Admin\348efd2a0dd83b3e88e89458f20a0b1c.php 第 41 行.
NOTIC: [8] Undefined variable: vo D:\wamp\www\toumei\Application\Runtime\Cache\Admin\348efd2a0dd83b3e88e89458f20a0b1c.php 第 41 行.
INFO: Run Behavior\ParseTemplateBehavior [ RunTime:0.034002s ]
INFO: [ view_parse ] --END-- [ RunTime:0.034002s ]
INFO: [ view_filter ] --START--
INFO: Run Behavior\WriteHtmlCacheBehavior [ RunTime:0.000000s ]
INFO: [ view_filter ] --END-- [ RunTime:0.001000s ]
INFO: [ app_end ] --START--
INFO: Run Behavior\ShowPageTraceBehavior [ RunTime:0.001001s ]
INFO: [ app_end ] --END-- [ RunTime:0.001001s ]

[ 2017-06-13T11:34:04+08:00 ] 127.0.0.1 /admin.php/User/index.html
INFO: [ app_init ] --START--
INFO: Run Behavior\BuildLiteBehavior [ RunTime:0.000000s ]
INFO: [ app_init ] --END-- [ RunTime:0.001000s ]
INFO: [ app_begin ] --START--
INFO: Run Behavior\ReadHtmlCacheBehavior [ RunTime:0.001000s ]
INFO: [ app_begin ] --END-- [ RunTime:0.001000s ]
SQL: SHOW COLUMNS FROM `xm_user` [ RunTime:0.0060s ]
SQL: SHOW COLUMNS FROM `xm_user` [ RunTime:0.0050s ]
SQL: SELECT COUNT(*) AS tp_count FROM `xm_user` WHERE `status` = 0 LIMIT 1   [ RunTime:0.0000s ]
SQL: SELECT `uid`,`username`,`password`,`email`,`mobile`,`login`,`reg_time`,`reg_ip`,`last_login_ip`,`last_login_time`,`update_time`,`status` FROM `xm_user` WHERE `status` = 0 ORDER BY uid desc LIMIT 0,10   [ RunTime:0.0000s ]
INFO: [ view_parse ] --START--
INFO: [ template_filter ] --START--
INFO: Run Behavior\ContentReplaceBehavior [ RunTime:0.001000s ]
INFO: [ template_filter ] --END-- [ RunTime:0.001000s ]
NOTIC: [8] Undefined variable: vo D:\wamp\www\toumei\Application\Runtime\Cache\Admin\348efd2a0dd83b3e88e89458f20a0b1c.php 第 41 行.
NOTIC: [8] Undefined variable: vo D:\wamp\www\toumei\Application\Runtime\Cache\Admin\348efd2a0dd83b3e88e89458f20a0b1c.php 第 41 行.
NOTIC: [8] Undefined variable: vo D:\wamp\www\toumei\Application\Runtime\Cache\Admin\348efd2a0dd83b3e88e89458f20a0b1c.php 第 41 行.
NOTIC: [8] Undefined variable: vo D:\wamp\www\toumei\Application\Runtime\Cache\Admin\348efd2a0dd83b3e88e89458f20a0b1c.php 第 41 行.
NOTIC: [8] Undefined variable: vo D:\wamp\www\toumei\Application\Runtime\Cache\Admin\348efd2a0dd83b3e88e89458f20a0b1c.php 第 41 行.
NOTIC: [8] Undefined variable: vo D:\wamp\www\toumei\Application\Runtime\Cache\Admin\348efd2a0dd83b3e88e89458f20a0b1c.php 第 41 行.
INFO: Run Behavior\ParseTemplateBehavior [ RunTime:0.034002s ]
INFO: [ view_parse ] --END-- [ RunTime:0.034002s ]
INFO: [ view_filter ] --START--
INFO: Run Behavior\WriteHtmlCacheBehavior [ RunTime:0.001000s ]
INFO: [ view_filter ] --END-- [ RunTime:0.001000s ]
INFO: [ app_end ] --START--
INFO: Run Behavior\ShowPageTraceBehavior [ RunTime:0.001000s ]
INFO: [ app_end ] --END-- [ RunTime:0.001000s ]

[ 2017-06-13T11:34:07+08:00 ] 127.0.0.1 /admin.php/User/add.html
INFO: [ app_init ] --START--
INFO: Run Behavior\BuildLiteBehavior [ RunTime:0.000000s ]
INFO: [ app_init ] --END-- [ RunTime:0.001000s ]
INFO: [ app_begin ] --START--
INFO: Run Behavior\ReadHtmlCacheBehavior [ RunTime:0.001000s ]
INFO: [ app_begin ] --END-- [ RunTime:0.002000s ]
SQL: SHOW COLUMNS FROM `xm_user` [ RunTime:0.0060s ]
INFO: [ view_parse ] --START--
INFO: [ template_filter ] --START--
INFO: Run Behavior\ContentReplaceBehavior [ RunTime:0.001000s ]
INFO: [ template_filter ] --END-- [ RunTime:0.001000s ]
NOTIC: [8] Undefined variable: _info D:\wamp\www\toumei\Application\Runtime\Cache\Admin\4e1f0ee1a12a8dbb63343fe9e6a3f60d.php 第 20 行.
NOTIC: [8] Undefined variable: role_list D:\wamp\www\toumei\Application\Runtime\Cache\Admin\4e1f0ee1a12a8dbb63343fe9e6a3f60d.php 第 35 行.
NOTIC: [8] Undefined variable: _info D:\wamp\www\toumei\Application\Runtime\Cache\Admin\4e1f0ee1a12a8dbb63343fe9e6a3f60d.php 第 41 行.
NOTIC: [8] Undefined variable: _info D:\wamp\www\toumei\Application\Runtime\Cache\Admin\4e1f0ee1a12a8dbb63343fe9e6a3f60d.php 第 45 行.
NOTIC: [8] Undefined variable: _info D:\wamp\www\toumei\Application\Runtime\Cache\Admin\4e1f0ee1a12a8dbb63343fe9e6a3f60d.php 第 48 行.
INFO: Run Behavior\ParseTemplateBehavior [ RunTime:0.045002s ]
INFO: [ view_parse ] --END-- [ RunTime:0.046002s ]
INFO: [ view_filter ] --START--
INFO: Run Behavior\WriteHtmlCacheBehavior [ RunTime:0.001001s ]
INFO: [ view_filter ] --END-- [ RunTime:0.002001s ]
INFO: [ app_end ] --START--
INFO: Run Behavior\ShowPageTraceBehavior [ RunTime:0.001000s ]
INFO: [ app_end ] --END-- [ RunTime:0.001000s ]

[ 2017-06-13T11:34:10+08:00 ] 127.0.0.1 /admin.php/User/add.html
INFO: [ app_init ] --START--
INFO: Run Behavior\BuildLiteBehavior [ RunTime:0.000000s ]
INFO: [ app_init ] --END-- [ RunTime:0.002000s ]
INFO: [ app_begin ] --START--
INFO: Run Behavior\ReadHtmlCacheBehavior [ RunTime:0.002001s ]
INFO: [ app_begin ] --END-- [ RunTime:0.002001s ]
SQL: SHOW COLUMNS FROM `xm_user` [ RunTime:0.0100s ]
NOTIC: [8] Undefined index: validate D:\wamp\www\toumei\ThinkPHP\Library\Think\Model.class.php 第 1185 行.

[ 2017-06-13T11:34:12+08:00 ] 127.0.0.1 /admin.php/User/index.html
INFO: [ app_init ] --START--
INFO: Run Behavior\BuildLiteBehavior [ RunTime:0.000000s ]
INFO: [ app_init ] --END-- [ RunTime:0.003000s ]
INFO: [ app_begin ] --START--
INFO: Run Behavior\ReadHtmlCacheBehavior [ RunTime:0.002000s ]
INFO: [ app_begin ] --END-- [ RunTime:0.004000s ]
SQL: SHOW COLUMNS FROM `xm_user` [ RunTime:0.0080s ]
SQL: SHOW COLUMNS FROM `xm_user` [ RunTime:0.0070s ]
SQL: SELECT COUNT(*) AS tp_count FROM `xm_user` WHERE `status` = 0 LIMIT 1   [ RunTime:0.0000s ]
SQL: SELECT `uid`,`username`,`password`,`email`,`mobile`,`login`,`reg_time`,`reg_ip`,`last_login_ip`,`last_login_time`,`update_time`,`status` FROM `xm_user` WHERE `status` = 0 ORDER BY uid desc LIMIT 0,10   [ RunTime:0.0000s ]
INFO: [ view_parse ] --START--
INFO: [ template_filter ] --START--
INFO: Run Behavior\ContentReplaceBehavior [ RunTime:0.000000s ]
INFO: [ template_filter ] --END-- [ RunTime:0.000000s ]
NOTIC: [8] Undefined variable: vo D:\wamp\www\toumei\Application\Runtime\Cache\Admin\348efd2a0dd83b3e88e89458f20a0b1c.php 第 41 行.
NOTIC: [8] Undefined variable: vo D:\wamp\www\toumei\Application\Runtime\Cache\Admin\348efd2a0dd83b3e88e89458f20a0b1c.php 第 41 行.
NOTIC: [8] Undefined variable: vo D:\wamp\www\toumei\Application\Runtime\Cache\Admin\348efd2a0dd83b3e88e89458f20a0b1c.php 第 41 行.
NOTIC: [8] Undefined variable: vo D:\wamp\www\toumei\Application\Runtime\Cache\Admin\348efd2a0dd83b3e88e89458f20a0b1c.php 第 41 行.
NOTIC: [8] Undefined variable: vo D:\wamp\www\toumei\Application\Runtime\Cache\Admin\348efd2a0dd83b3e88e89458f20a0b1c.php 第 41 行.
NOTIC: [8] Undefined variable: vo D:\wamp\www\toumei\Application\Runtime\Cache\Admin\348efd2a0dd83b3e88e89458f20a0b1c.php 第 41 行.
INFO: Run Behavior\ParseTemplateBehavior [ RunTime:0.039002s ]
INFO: [ view_parse ] --END-- [ RunTime:0.039002s ]
INFO: [ view_filter ] --START--
INFO: Run Behavior\WriteHtmlCacheBehavior [ RunTime:0.000000s ]
INFO: [ view_filter ] --END-- [ RunTime:0.001000s ]
INFO: [ app_end ] --START--
INFO: Run Behavior\ShowPageTraceBehavior [ RunTime:0.001000s ]
INFO: [ app_end ] --END-- [ RunTime:0.001000s ]

[ 2017-06-13T11:34:18+08:00 ] 127.0.0.1 /admin.php/User/index.html?username=
INFO: [ app_init ] --START--
INFO: Run Behavior\BuildLiteBehavior [ RunTime:0.000000s ]
INFO: [ app_init ] --END-- [ RunTime:0.001000s ]
INFO: [ app_begin ] --START--
INFO: Run Behavior\ReadHtmlCacheBehavior [ RunTime:0.001000s ]
INFO: [ app_begin ] --END-- [ RunTime:0.001000s ]
SQL: SHOW COLUMNS FROM `xm_user` [ RunTime:0.0050s ]
SQL: SHOW COLUMNS FROM `xm_user` [ RunTime:0.0040s ]
SQL: SELECT COUNT(*) AS tp_count FROM `xm_user` WHERE `status` = 0 LIMIT 1   [ RunTime:0.0000s ]
SQL: SELECT `uid`,`username`,`password`,`email`,`mobile`,`login`,`reg_time`,`reg_ip`,`last_login_ip`,`last_login_time`,`update_time`,`status` FROM `xm_user` WHERE `status` = 0 ORDER BY uid desc LIMIT 0,10   [ RunTime:0.0000s ]
INFO: [ view_parse ] --START--
INFO: [ template_filter ] --START--
INFO: Run Behavior\ContentReplaceBehavior [ RunTime:0.000000s ]
INFO: [ template_filter ] --END-- [ RunTime:0.001000s ]
NOTIC: [8] Undefined variable: vo D:\wamp\www\toumei\Application\Runtime\Cache\Admin\348efd2a0dd83b3e88e89458f20a0b1c.php 第 41 行.
NOTIC: [8] Undefined variable: vo D:\wamp\www\toumei\Application\Runtime\Cache\Admin\348efd2a0dd83b3e88e89458f20a0b1c.php 第 41 行.
NOTIC: [8] Undefined variable: vo D:\wamp\www\toumei\Application\Runtime\Cache\Admin\348efd2a0dd83b3e88e89458f20a0b1c.php 第 41 行.
NOTIC: [8] Undefined variable: vo D:\wamp\www\toumei\Application\Runtime\Cache\Admin\348efd2a0dd83b3e88e89458f20a0b1c.php 第 41 行.
NOTIC: [8] Undefined variable: vo D:\wamp\www\toumei\Application\Runtime\Cache\Admin\348efd2a0dd83b3e88e89458f20a0b1c.php 第 41 行.
NOTIC: [8] Undefined variable: vo D:\wamp\www\toumei\Application\Runtime\Cache\Admin\348efd2a0dd83b3e88e89458f20a0b1c.php 第 41 行.
INFO: Run Behavior\ParseTemplateBehavior [ RunTime:0.034002s ]
INFO: [ view_parse ] --END-- [ RunTime:0.034002s ]
INFO: [ view_filter ] --START--
INFO: Run Behavior\WriteHtmlCacheBehavior [ RunTime:0.001000s ]
INFO: [ view_filter ] --END-- [ RunTime:0.001000s ]
INFO: [ app_end ] --START--
INFO: Run Behavior\ShowPageTraceBehavior [ RunTime:0.000000s ]
INFO: [ app_end ] --END-- [ RunTime:0.002000s ]

[ 2017-06-13T11:34:20+08:00 ] 127.0.0.1 /admin.php/User/index.html?username=
INFO: [ app_init ] --START--
INFO: Run Behavior\BuildLiteBehavior [ RunTime:0.000000s ]
INFO: [ app_init ] --END-- [ RunTime:0.002000s ]
INFO: [ app_begin ] --START--
INFO: Run Behavior\ReadHtmlCacheBehavior [ RunTime:0.001000s ]
INFO: [ app_begin ] --END-- [ RunTime:0.001000s ]
SQL: SHOW COLUMNS FROM `xm_user` [ RunTime:0.0050s ]
SQL: SHOW COLUMNS FROM `xm_user` [ RunTime:0.0040s ]
SQL: SELECT COUNT(*) AS tp_count FROM `xm_user` WHERE `status` = 0 LIMIT 1   [ RunTime:0.0010s ]
SQL: SELECT `uid`,`username`,`password`,`email`,`mobile`,`login`,`reg_time`,`reg_ip`,`last_login_ip`,`last_login_time`,`update_time`,`status` FROM `xm_user` WHERE `status` = 0 ORDER BY uid desc LIMIT 0,10   [ RunTime:0.0010s ]
INFO: [ view_parse ] --START--
INFO: [ template_filter ] --START--
INFO: Run Behavior\ContentReplaceBehavior [ RunTime:0.000000s ]
INFO: [ template_filter ] --END-- [ RunTime:0.001000s ]
NOTIC: [8] Undefined variable: vo D:\wamp\www\toumei\Application\Runtime\Cache\Admin\348efd2a0dd83b3e88e89458f20a0b1c.php 第 41 行.
NOTIC: [8] Undefined variable: vo D:\wamp\www\toumei\Application\Runtime\Cache\Admin\348efd2a0dd83b3e88e89458f20a0b1c.php 第 41 行.
NOTIC: [8] Undefined variable: vo D:\wamp\www\toumei\Application\Runtime\Cache\Admin\348efd2a0dd83b3e88e89458f20a0b1c.php 第 41 行.
NOTIC: [8] Undefined variable: vo D:\wamp\www\toumei\Application\Runtime\Cache\Admin\348efd2a0dd83b3e88e89458f20a0b1c.php 第 41 行.
NOTIC: [8] Undefined variable: vo D:\wamp\www\toumei\Application\Runtime\Cache\Admin\348efd2a0dd83b3e88e89458f20a0b1c.php 第 41 行.
NOTIC: [8] Undefined variable: vo D:\wamp\www\toumei\Application\Runtime\Cache\Admin\348efd2a0dd83b3e88e89458f20a0b1c.php 第 41 行.
INFO: Run Behavior\ParseTemplateBehavior [ RunTime:0.033002s ]
INFO: [ view_parse ] --END-- [ RunTime:0.034002s ]
INFO: [ view_filter ] --START--
INFO: Run Behavior\WriteHtmlCacheBehavior [ RunTime:0.000000s ]
INFO: [ view_filter ] --END-- [ RunTime:0.001000s ]
INFO: [ app_end ] --START--
INFO: Run Behavior\ShowPageTraceBehavior [ RunTime:0.001000s ]
INFO: [ app_end ] --END-- [ RunTime:0.001000s ]

[ 2017-06-13T11:34:24+08:00 ] 127.0.0.1 /admin.php/User/edit/uid/6.html
INFO: [ app_init ] --START--
INFO: Run Behavior\BuildLiteBehavior [ RunTime:0.000000s ]
INFO: [ app_init ] --END-- [ RunTime:0.003000s ]
INFO: [ app_begin ] --START--
INFO: Run Behavior\ReadHtmlCacheBehavior [ RunTime:0.001000s ]
INFO: [ app_begin ] --END-- [ RunTime:0.002000s ]
SQL: SHOW COLUMNS FROM `xm_user` [ RunTime:0.0070s ]
SQL: SELECT * FROM `xm_user` WHERE `uid` = 6 LIMIT 1   [ RunTime:0.0000s ]
INFO: [ view_parse ] --START--
INFO: [ template_filter ] --START--
INFO: Run Behavior\ContentReplaceBehavior [ RunTime:0.000000s ]
INFO: [ template_filter ] --END-- [ RunTime:0.001000s ]
NOTIC: [8] Undefined variable: role_list D:\wamp\www\toumei\Application\Runtime\Cache\Admin\4e1f0ee1a12a8dbb63343fe9e6a3f60d.php 第 35 行.
INFO: Run Behavior\ParseTemplateBehavior [ RunTime:0.026001s ]
INFO: [ view_parse ] --END-- [ RunTime:0.027001s ]
INFO: [ view_filter ] --START--
INFO: Run Behavior\WriteHtmlCacheBehavior [ RunTime:0.000000s ]
INFO: [ view_filter ] --END-- [ RunTime:0.001000s ]
INFO: [ app_end ] --START--
INFO: Run Behavior\ShowPageTraceBehavior [ RunTime:0.000000s ]
INFO: [ app_end ] --END-- [ RunTime:0.002001s ]

[ 2017-06-13T11:34:27+08:00 ] 127.0.0.1 /admin.php/User/edit.html
INFO: [ app_init ] --START--
INFO: Run Behavior\BuildLiteBehavior [ RunTime:0.000000s ]
INFO: [ app_init ] --END-- [ RunTime:0.003000s ]
INFO: [ app_begin ] --START--
INFO: Run Behavior\ReadHtmlCacheBehavior [ RunTime:0.002000s ]
INFO: [ app_begin ] --END-- [ RunTime:0.003001s ]
SQL: SHOW COLUMNS FROM `xm_user` [ RunTime:0.0080s ]
NOTIC: [8] Undefined index: password D:\wamp\www\toumei\Application\Admin\Controller\UserController.class.php 第 66 行.
NOTIC: [8] Undefined index: validate D:\wamp\www\toumei\ThinkPHP\Library\Think\Model.class.php 第 1185 行.
SQL: SELECT * FROM `xm_user` WHERE `username` = 'ziteng' AND `uid` <> '6' LIMIT 1   [ RunTime:0.0020s ]
NOTIC: [8] Undefined index: email D:\wamp\www\toumei\ThinkPHP\Library\Think\Model.class.php 第 1217 行.
NOTIC: [8] Undefined index: email D:\wamp\www\toumei\ThinkPHP\Library\Think\Model.class.php 第 1217 行.
NOTIC: [8] Undefined index: email D:\wamp\www\toumei\ThinkPHP\Library\Think\Model.class.php 第 1217 行.
NOTIC: [8] Undefined index: mobile D:\wamp\www\toumei\ThinkPHP\Library\Think\Model.class.php 第 1217 行.
NOTIC: [8] Undefined index: mobile D:\wamp\www\toumei\ThinkPHP\Library\Think\Model.class.php 第 1217 行.
NOTIC: [8] Undefined index: auto D:\wamp\www\toumei\ThinkPHP\Library\Think\Model.class.php 第 1128 行.
SQL: UPDATE `xm_user` SET `username`='ziteng' WHERE `uid` = 6 [ RunTime:0.0050s ]

[ 2017-06-13T11:34:27+08:00 ] 127.0.0.1 /admin.php/User/index.html
INFO: [ app_init ] --START--
INFO: Run Behavior\BuildLiteBehavior [ RunTime:0.000000s ]
INFO: [ app_init ] --END-- [ RunTime:0.001000s ]
INFO: [ app_begin ] --START--
INFO: Run Behavior\ReadHtmlCacheBehavior [ RunTime:0.000000s ]
INFO: [ app_begin ] --END-- [ RunTime:0.002000s ]
SQL: SHOW COLUMNS FROM `xm_user` [ RunTime:0.0050s ]
SQL: SHOW COLUMNS FROM `xm_user` [ RunTime:0.0040s ]
SQL: SELECT COUNT(*) AS tp_count FROM `xm_user` WHERE `status` = 0 LIMIT 1   [ RunTime:0.0010s ]
SQL: SELECT `uid`,`username`,`password`,`email`,`mobile`,`login`,`reg_time`,`reg_ip`,`last_login_ip`,`last_login_time`,`update_time`,`status` FROM `xm_user` WHERE `status` = 0 ORDER BY uid desc LIMIT 0,10   [ RunTime:0.0010s ]
INFO: [ view_parse ] --START--
INFO: [ template_filter ] --START--
INFO: Run Behavior\ContentReplaceBehavior [ RunTime:0.000000s ]
INFO: [ template_filter ] --END-- [ RunTime:0.001000s ]
NOTIC: [8] Undefined variable: vo D:\wamp\www\toumei\Application\Runtime\Cache\Admin\348efd2a0dd83b3e88e89458f20a0b1c.php 第 41 行.
NOTIC: [8] Undefined variable: vo D:\wamp\www\toumei\Application\Runtime\Cache\Admin\348efd2a0dd83b3e88e89458f20a0b1c.php 第 41 行.
NOTIC: [8] Undefined variable: vo D:\wamp\www\toumei\Application\Runtime\Cache\Admin\348efd2a0dd83b3e88e89458f20a0b1c.php 第 41 行.
NOTIC: [8] Undefined variable: vo D:\wamp\www\toumei\Application\Runtime\Cache\Admin\348efd2a0dd83b3e88e89458f20a0b1c.php 第 41 行.
NOTIC: [8] Undefined variable: vo D:\wamp\www\toumei\Application\Runtime\Cache\Admin\348efd2a0dd83b3e88e89458f20a0b1c.php 第 41 行.
NOTIC: [8] Undefined variable: vo D:\wamp\www\toumei\Application\Runtime\Cache\Admin\348efd2a0dd83b3e88e89458f20a0b1c.php 第 41 行.
INFO: Run Behavior\ParseTemplateBehavior [ RunTime:0.035002s ]
INFO: [ view_parse ] --END-- [ RunTime:0.035002s ]
INFO: [ view_filter ] --START--
INFO: Run Behavior\WriteHtmlCacheBehavior [ RunTime:0.001000s ]
INFO: [ view_filter ] --END-- [ RunTime:0.001000s ]
INFO: [ app_end ] --START--
INFO: Run Behavior\ShowPageTraceBehavior [ RunTime:0.001000s ]
INFO: [ app_end ] --END-- [ RunTime:0.001000s ]

[ 2017-06-13T18:43:33+08:00 ] 127.0.0.1 /admin.php/Public/logout.html
INFO: [ app_init ] --START--
INFO: Run Behavior\BuildLiteBehavior [ RunTime:0.000000s ]
INFO: [ app_init ] --END-- [ RunTime:0.001000s ]
INFO: [ app_begin ] --START--
INFO: Run Behavior\ReadHtmlCacheBehavior [ RunTime:0.001000s ]
INFO: [ app_begin ] --END-- [ RunTime:0.001000s ]

[ 2017-06-13T18:43:33+08:00 ] 127.0.0.1 /admin.php/Public/login.html
INFO: [ app_init ] --START--
INFO: Run Behavior\BuildLiteBehavior [ RunTime:0.000000s ]
INFO: [ app_init ] --END-- [ RunTime:0.001000s ]
INFO: [ app_begin ] --START--
INFO: Run Behavior\ReadHtmlCacheBehavior [ RunTime:0.001000s ]
INFO: [ app_begin ] --END-- [ RunTime:0.001000s ]
INFO: [ view_parse ] --START--
INFO: [ template_filter ] --START--
INFO: Run Behavior\ContentReplaceBehavior [ RunTime:0.000000s ]
INFO: [ template_filter ] --END-- [ RunTime:0.000000s ]
INFO: Run Behavior\ParseTemplateBehavior [ RunTime:0.024001s ]
INFO: [ view_parse ] --END-- [ RunTime:0.024001s ]
INFO: [ view_filter ] --START--
INFO: Run Behavior\WriteHtmlCacheBehavior [ RunTime:0.001000s ]
INFO: [ view_filter ] --END-- [ RunTime:0.001000s ]
INFO: [ app_end ] --START--
INFO: Run Behavior\ShowPageTraceBehavior [ RunTime:0.001000s ]
INFO: [ app_end ] --END-- [ RunTime:0.001000s ]

[ 2017-06-13T18:43:34+08:00 ] 127.0.0.1 /admin.php/Public/verify.html
INFO: [ app_init ] --START--
INFO: Run Behavior\BuildLiteBehavior [ RunTime:0.000000s ]
INFO: [ app_init ] --END-- [ RunTime:0.001000s ]
INFO: [ app_begin ] --START--
INFO: Run Behavior\ReadHtmlCacheBehavior [ RunTime:0.001000s ]
INFO: [ app_begin ] --END-- [ RunTime:0.002000s ]
INFO: [ app_end ] --START--
INFO: Run Behavior\ShowPageTraceBehavior [ RunTime:0.002000s ]
INFO: [ app_end ] --END-- [ RunTime:0.003000s ]

